Looking for git in: git
Using git 2.19.1 from git
> git rev-parse --show-toplevel
> git config --get commit.template
Open repository: /var/www/laravelapps
> git status -z -u
> git symbolic-ref --short HEAD
> git rev-parse master
> git rev-parse --symbolic-full-name master@{u}
> git rev-list --left-right master...refs/remotes/origin/master
> git for-each-ref --format %(refname) %(objectname) --sort -committerdate
> git remote --verbose
> git check-ignore -z --stdin
> git check-ignore -z --stdin
> git check-ignore -z --stdin
> git show :contactstore/app/Http/Controllers/Controller.php
> git ls-files --stage -- contactstore/app/Http/Controllers/
> git check-ignore -z --stdin
> git show :contactstore/app/Contact.php
> git ls-files --stage -- contactstore/app/
> git show :contactstore/app/User.php
> git ls-files --stage -- contactstore/app/
> git show :contactstore/routes/api.php
> git ls-files --stage -- contactstore/routes/
> git check-ignore -z --stdin
