[2019-03-12 17:38:35.062] [sharedprocess] [info] main {"machineId":"9b5c67b7204652af43efef0a2ec2ff0399a6780721f03de3e930a5fdba9c754a"}
[2019-03-12 17:38:35.149] [sharedprocess] [info] Scanned user extensions: 7
[2019-03-12 17:38:35.168] [sharedprocess] [info] Scanned user extensions: 7
[2019-03-12 17:38:35.169] [sharedprocess] [info] Scanned user extensions: 7
[2019-03-12 17:38:35.219] [sharedprocess] [info] Scanned system extensions: 71
[2019-03-12 17:38:35.222] [sharedprocess] [info] Scanned system extensions: 71
[2019-03-12 17:38:35.230] [sharedprocess] [info] Scanned system extensions: 71
[2019-03-12 17:38:35.729] [sharedprocess] [info] Scanned user extensions: 7
[2019-03-12 17:38:47.025] [sharedprocess] [info] Scanned user extensions: 7
[2019-03-12 17:38:47.027] [sharedprocess] [info] Scanned user extensions: 7
[2019-03-12 17:38:47.108] [sharedprocess] [info] Scanned system extensions: 71
[2019-03-12 17:38:47.114] [sharedprocess] [info] Scanned system extensions: 71
[2019-03-12 17:38:49.417] [sharedprocess] [info] Scanned user extensions: 7
[2019-03-12 17:39:15.075] [sharedprocess] [info] Starting to clean up unused language packs.
[2019-03-12 17:41:36.425] [sharedprocess] [info] Scanned user extensions: 7
[2019-03-12 17:41:36.448] [sharedprocess] [info] Scanned system extensions: 71
[2019-03-12 17:43:50.219] [sharedprocess] [info] Scanned user extensions: 7
[2019-03-12 17:48:50.236] [sharedprocess] [info] Scanned user extensions: 7
[2019-03-12 17:53:50.247] [sharedprocess] [info] Scanned user extensions: 7
[2019-03-12 17:58:50.254] [sharedprocess] [info] Scanned user extensions: 7
[2019-03-12 18:03:50.268] [sharedprocess] [info] Scanned user extensions: 7
[2019-03-12 18:08:50.282] [sharedprocess] [info] Scanned user extensions: 7
[2019-03-12 18:13:50.297] [sharedprocess] [info] Scanned user extensions: 7
[2019-03-12 18:18:50.317] [sharedprocess] [info] Scanned user extensions: 7
[2019-03-12 18:23:50.333] [sharedprocess] [info] Scanned user extensions: 7
[2019-03-12 18:28:50.345] [sharedprocess] [info] Scanned user extensions: 7
[2019-03-12 18:32:31.536] [sharedprocess] [info] Scanned user extensions: 7
[2019-03-12 18:32:31.537] [sharedprocess] [info] Scanned user extensions: 7
[2019-03-12 18:32:31.602] [sharedprocess] [info] Scanned system extensions: 71
[2019-03-12 18:32:31.608] [sharedprocess] [info] Scanned system extensions: 71
[2019-03-12 18:32:33.887] [sharedprocess] [info] Scanned user extensions: 7
[2019-03-12 18:32:36.235] [sharedprocess] [info] Scanned user extensions: 7
[2019-03-12 18:32:36.235] [sharedprocess] [info] Scanned user extensions: 7
[2019-03-12 18:32:36.310] [sharedprocess] [info] Scanned system extensions: 71
[2019-03-12 18:32:36.315] [sharedprocess] [info] Scanned system extensions: 71
[2019-03-12 18:32:38.559] [sharedprocess] [info] Scanned user extensions: 7
[2019-03-12 18:33:50.359] [sharedprocess] [info] Scanned user extensions: 7
[2019-03-12 18:37:38.595] [sharedprocess] [info] Scanned user extensions: 7
[2019-03-12 18:38:50.369] [sharedprocess] [info] Scanned user extensions: 7
[2019-03-12 18:42:38.606] [sharedprocess] [info] Scanned user extensions: 7
[2019-03-12 18:43:55.701] [sharedprocess] [info] Scanned user extensions: 7
[2019-03-12 18:47:38.613] [sharedprocess] [info] Scanned user extensions: 7
[2019-03-12 18:48:55.712] [sharedprocess] [info] Scanned user extensions: 7
[2019-03-12 18:52:38.623] [sharedprocess] [info] Scanned user extensions: 7
[2019-03-12 18:53:55.737] [sharedprocess] [info] Scanned user extensions: 7
[2019-03-12 18:57:38.633] [sharedprocess] [info] Scanned user extensions: 7
[2019-03-12 18:58:55.748] [sharedprocess] [info] Scanned user extensions: 7
[2019-03-12 19:02:38.641] [sharedprocess] [info] Scanned user extensions: 7
[2019-03-12 19:03:55.759] [sharedprocess] [info] Scanned user extensions: 7
[2019-03-12 19:07:38.648] [sharedprocess] [info] Scanned user extensions: 7
[2019-03-12 19:08:55.769] [sharedprocess] [info] Scanned user extensions: 7
[2019-03-12 19:12:38.653] [sharedprocess] [info] Scanned user extensions: 7
[2019-03-12 19:13:55.779] [sharedprocess] [info] Scanned user extensions: 7
[2019-03-12 19:17:38.663] [sharedprocess] [info] Scanned user extensions: 7
[2019-03-12 19:18:55.789] [sharedprocess] [info] Scanned user extensions: 7
[2019-03-12 19:22:38.671] [sharedprocess] [info] Scanned user extensions: 7
[2019-03-12 19:23:55.798] [sharedprocess] [info] Scanned user extensions: 7
[2019-03-12 19:27:38.679] [sharedprocess] [info] Scanned user extensions: 7
[2019-03-12 19:28:55.809] [sharedprocess] [info] Scanned user extensions: 7
[2019-03-12 19:32:38.686] [sharedprocess] [info] Scanned user extensions: 7
[2019-03-12 19:33:55.819] [sharedprocess] [info] Scanned user extensions: 7
[2019-03-12 19:37:38.693] [sharedprocess] [info] Scanned user extensions: 7
[2019-03-12 19:38:55.830] [sharedprocess] [info] Scanned user extensions: 7
[2019-03-12 19:42:38.699] [sharedprocess] [info] Scanned user extensions: 7
[2019-03-12 19:43:56.162] [sharedprocess] [info] Scanned user extensions: 7
[2019-03-12 19:47:38.712] [sharedprocess] [info] Scanned user extensions: 7
[2019-03-12 19:48:56.179] [sharedprocess] [info] Scanned user extensions: 7
[2019-03-12 19:52:38.724] [sharedprocess] [info] Scanned user extensions: 7
[2019-03-12 19:53:56.195] [sharedprocess] [info] Scanned user extensions: 7
[2019-03-12 19:57:38.735] [sharedprocess] [info] Scanned user extensions: 7
[2019-03-12 19:58:56.206] [sharedprocess] [info] Scanned user extensions: 7
[2019-03-12 20:02:38.743] [sharedprocess] [info] Scanned user extensions: 7
[2019-03-12 20:03:56.218] [sharedprocess] [info] Scanned user extensions: 7
[2019-03-12 20:07:38.760] [sharedprocess] [info] Scanned user extensions: 7
[2019-03-12 20:08:56.232] [sharedprocess] [info] Scanned user extensions: 7
[2019-03-12 20:12:38.770] [sharedprocess] [info] Scanned user extensions: 7
[2019-03-12 20:13:56.245] [sharedprocess] [info] Scanned user extensions: 7
[2019-03-12 20:17:38.780] [sharedprocess] [info] Scanned user extensions: 7
[2019-03-12 20:18:56.266] [sharedprocess] [info] Scanned user extensions: 7
[2019-03-12 20:22:38.792] [sharedprocess] [info] Scanned user extensions: 7
[2019-03-12 20:23:56.281] [sharedprocess] [info] Scanned user extensions: 7
[2019-03-12 20:27:38.803] [sharedprocess] [info] Scanned user extensions: 7
[2019-03-12 20:28:56.294] [sharedprocess] [info] Scanned user extensions: 7
[2019-03-12 20:32:38.814] [sharedprocess] [info] Scanned user extensions: 7
[2019-03-12 20:33:56.318] [sharedprocess] [info] Scanned user extensions: 7
[2019-03-12 20:37:38.827] [sharedprocess] [info] Scanned user extensions: 7
[2019-03-12 20:38:56.333] [sharedprocess] [info] Scanned user extensions: 7
[2019-03-12 20:42:38.839] [sharedprocess] [info] Scanned user extensions: 7
[2019-03-12 20:43:56.682] [sharedprocess] [info] Scanned user extensions: 7
[2019-03-12 20:47:38.850] [sharedprocess] [info] Scanned user extensions: 7
[2019-03-12 20:48:56.694] [sharedprocess] [info] Scanned user extensions: 7
[2019-03-12 20:52:38.863] [sharedprocess] [info] Scanned user extensions: 7
[2019-03-12 20:53:56.708] [sharedprocess] [info] Scanned user extensions: 7
[2019-03-12 20:57:38.875] [sharedprocess] [info] Scanned user extensions: 7
[2019-03-12 20:58:56.723] [sharedprocess] [info] Scanned user extensions: 7
[2019-03-12 21:02:38.886] [sharedprocess] [info] Scanned user extensions: 7
[2019-03-12 21:03:56.742] [sharedprocess] [info] Scanned user extensions: 7
[2019-03-12 21:07:38.898] [sharedprocess] [info] Scanned user extensions: 7
[2019-03-12 21:08:56.755] [sharedprocess] [info] Scanned user extensions: 7
[2019-03-12 21:12:38.911] [sharedprocess] [info] Scanned user extensions: 7
[2019-03-12 21:13:56.779] [sharedprocess] [info] Scanned user extensions: 7
[2019-03-12 21:17:38.926] [sharedprocess] [info] Scanned user extensions: 7
[2019-03-12 21:18:56.793] [sharedprocess] [info] Scanned user extensions: 7
[2019-03-12 21:22:38.937] [sharedprocess] [info] Scanned user extensions: 7
[2019-03-12 21:23:56.811] [sharedprocess] [info] Scanned user extensions: 7
[2019-03-12 21:27:38.949] [sharedprocess] [info] Scanned user extensions: 7
[2019-03-12 21:28:56.827] [sharedprocess] [info] Scanned user extensions: 7
[2019-03-12 21:32:38.960] [sharedprocess] [info] Scanned user extensions: 7
[2019-03-12 21:33:56.841] [sharedprocess] [info] Scanned user extensions: 7
[2019-03-12 21:37:38.971] [sharedprocess] [info] Scanned user extensions: 7
[2019-03-12 21:38:56.855] [sharedprocess] [info] Scanned user extensions: 7
[2019-03-12 21:42:38.983] [sharedprocess] [info] Scanned user extensions: 7
[2019-03-12 21:43:57.205] [sharedprocess] [info] Scanned user extensions: 7
[2019-03-12 21:47:38.994] [sharedprocess] [info] Scanned user extensions: 7
[2019-03-12 21:48:57.222] [sharedprocess] [info] Scanned user extensions: 7
[2019-03-12 21:52:39.007] [sharedprocess] [info] Scanned user extensions: 7
[2019-03-12 21:53:57.237] [sharedprocess] [info] Scanned user extensions: 7
[2019-03-12 21:57:39.019] [sharedprocess] [info] Scanned user extensions: 7
[2019-03-12 21:58:57.250] [sharedprocess] [info] Scanned user extensions: 7
[2019-03-12 22:02:39.030] [sharedprocess] [info] Scanned user extensions: 7
[2019-03-12 22:03:57.265] [sharedprocess] [info] Scanned user extensions: 7
[2019-03-12 22:07:39.042] [sharedprocess] [info] Scanned user extensions: 7
[2019-03-12 22:08:57.279] [sharedprocess] [info] Scanned user extensions: 7
[2019-03-12 22:12:39.058] [sharedprocess] [info] Scanned user extensions: 7
[2019-03-12 22:13:57.295] [sharedprocess] [info] Scanned user extensions: 7
[2019-03-12 22:17:39.071] [sharedprocess] [info] Scanned user extensions: 7
[2019-03-12 22:18:57.310] [sharedprocess] [info] Scanned user extensions: 7
[2019-03-12 22:22:39.083] [sharedprocess] [info] Scanned user extensions: 7
[2019-03-12 22:23:57.324] [sharedprocess] [info] Scanned user extensions: 7
[2019-03-12 22:27:39.094] [sharedprocess] [info] Scanned user extensions: 7
[2019-03-12 22:28:57.339] [sharedprocess] [info] Scanned user extensions: 7
[2019-03-12 22:32:39.105] [sharedprocess] [info] Scanned user extensions: 7
[2019-03-12 22:33:57.353] [sharedprocess] [info] Scanned user extensions: 7
[2019-03-12 22:37:39.116] [sharedprocess] [info] Scanned user extensions: 7
[2019-03-12 22:38:57.366] [sharedprocess] [info] Scanned user extensions: 7
[2019-03-12 22:42:39.125] [sharedprocess] [info] Scanned user extensions: 7
[2019-03-12 22:43:57.704] [sharedprocess] [info] Scanned user extensions: 7
[2019-03-12 22:47:39.134] [sharedprocess] [info] Scanned user extensions: 7
[2019-03-12 22:48:57.721] [sharedprocess] [info] Scanned user extensions: 7
[2019-03-12 22:52:39.148] [sharedprocess] [info] Scanned user extensions: 7
[2019-03-12 22:53:57.737] [sharedprocess] [info] Scanned user extensions: 7
[2019-03-12 22:57:39.156] [sharedprocess] [info] Scanned user extensions: 7
[2019-03-12 22:58:57.753] [sharedprocess] [info] Scanned user extensions: 7
[2019-03-12 23:02:39.168] [sharedprocess] [info] Scanned user extensions: 7
[2019-03-12 23:03:57.767] [sharedprocess] [info] Scanned user extensions: 7
[2019-03-12 23:07:39.181] [sharedprocess] [info] Scanned user extensions: 7
[2019-03-12 23:08:57.775] [sharedprocess] [info] Scanned user extensions: 7
[2019-03-12 23:12:39.193] [sharedprocess] [info] Scanned user extensions: 7
[2019-03-12 23:13:57.788] [sharedprocess] [info] Scanned user extensions: 7
[2019-03-12 23:17:39.203] [sharedprocess] [info] Scanned user extensions: 7
[2019-03-12 23:18:57.801] [sharedprocess] [info] Scanned user extensions: 7
[2019-03-12 23:22:39.215] [sharedprocess] [info] Scanned user extensions: 7
[2019-03-12 23:23:57.818] [sharedprocess] [info] Scanned user extensions: 7
[2019-03-12 23:27:39.228] [sharedprocess] [info] Scanned user extensions: 7
[2019-03-12 23:28:57.833] [sharedprocess] [info] Scanned user extensions: 7
[2019-03-12 23:32:39.235] [sharedprocess] [info] Scanned user extensions: 7
[2019-03-12 23:33:57.841] [sharedprocess] [info] Scanned user extensions: 7
[2019-03-12 23:37:39.245] [sharedprocess] [info] Scanned user extensions: 7
[2019-03-12 23:38:57.850] [sharedprocess] [info] Scanned user extensions: 7
[2019-03-12 23:42:39.256] [sharedprocess] [info] Scanned user extensions: 7
[2019-03-12 23:43:58.231] [sharedprocess] [info] Scanned user extensions: 7
[2019-03-12 23:47:39.266] [sharedprocess] [info] Scanned user extensions: 7
[2019-03-12 23:48:58.239] [sharedprocess] [info] Scanned user extensions: 7
[2019-03-12 23:52:39.278] [sharedprocess] [info] Scanned user extensions: 7
[2019-03-12 23:53:58.255] [sharedprocess] [info] Scanned user extensions: 7
[2019-03-12 23:57:39.289] [sharedprocess] [info] Scanned user extensions: 7
[2019-03-12 23:58:58.271] [sharedprocess] [info] Scanned user extensions: 7
[2019-03-13 00:02:39.298] [sharedprocess] [info] Scanned user extensions: 7
[2019-03-13 00:03:58.286] [sharedprocess] [info] Scanned user extensions: 7
[2019-03-13 00:07:39.308] [sharedprocess] [info] Scanned user extensions: 7
[2019-03-13 00:08:58.295] [sharedprocess] [info] Scanned user extensions: 7
[2019-03-13 00:12:39.320] [sharedprocess] [info] Scanned user extensions: 7
[2019-03-13 00:13:58.308] [sharedprocess] [info] Scanned user extensions: 7
[2019-03-13 00:17:39.332] [sharedprocess] [info] Scanned user extensions: 7
[2019-03-13 00:18:58.319] [sharedprocess] [info] Scanned user extensions: 7
[2019-03-13 00:22:39.343] [sharedprocess] [info] Scanned user extensions: 7
[2019-03-13 00:23:58.332] [sharedprocess] [info] Scanned user extensions: 7
[2019-03-13 00:27:39.351] [sharedprocess] [info] Scanned user extensions: 7
[2019-03-13 00:28:58.341] [sharedprocess] [info] Scanned user extensions: 7
[2019-03-13 00:32:39.360] [sharedprocess] [info] Scanned user extensions: 7
[2019-03-13 00:33:58.355] [sharedprocess] [info] Scanned user extensions: 7
[2019-03-13 00:37:39.370] [sharedprocess] [info] Scanned user extensions: 7
[2019-03-13 00:38:58.363] [sharedprocess] [info] Scanned user extensions: 7
[2019-03-13 00:42:39.378] [sharedprocess] [info] Scanned user extensions: 7
[2019-03-13 00:43:58.713] [sharedprocess] [info] Scanned user extensions: 7
[2019-03-13 00:47:39.389] [sharedprocess] [info] Scanned user extensions: 7
[2019-03-13 00:48:58.729] [sharedprocess] [info] Scanned user extensions: 7
[2019-03-13 00:52:39.400] [sharedprocess] [info] Scanned user extensions: 7
[2019-03-13 00:53:58.745] [sharedprocess] [info] Scanned user extensions: 7
[2019-03-13 00:57:39.408] [sharedprocess] [info] Scanned user extensions: 7
[2019-03-13 00:58:58.755] [sharedprocess] [info] Scanned user extensions: 7
[2019-03-13 01:02:39.414] [sharedprocess] [info] Scanned user extensions: 7
[2019-03-13 01:03:58.765] [sharedprocess] [info] Scanned user extensions: 7
[2019-03-13 01:07:39.421] [sharedprocess] [info] Scanned user extensions: 7
[2019-03-13 01:08:58.776] [sharedprocess] [info] Scanned user extensions: 7
[2019-03-13 01:12:39.427] [sharedprocess] [info] Scanned user extensions: 7
[2019-03-13 01:13:58.783] [sharedprocess] [info] Scanned user extensions: 7
[2019-03-13 01:17:39.435] [sharedprocess] [info] Scanned user extensions: 7
[2019-03-13 01:18:58.790] [sharedprocess] [info] Scanned user extensions: 7
[2019-03-13 01:22:39.443] [sharedprocess] [info] Scanned user extensions: 7
[2019-03-13 01:23:58.798] [sharedprocess] [info] Scanned user extensions: 7
[2019-03-13 01:27:39.451] [sharedprocess] [info] Scanned user extensions: 7
[2019-03-13 01:28:58.818] [sharedprocess] [info] Scanned user extensions: 7
[2019-03-13 01:32:39.458] [sharedprocess] [info] Scanned user extensions: 7
[2019-03-13 01:33:58.831] [sharedprocess] [info] Scanned user extensions: 7
[2019-03-13 01:37:39.469] [sharedprocess] [info] Scanned user extensions: 7
[2019-03-13 01:38:58.932] [sharedprocess] [info] Scanned user extensions: 7
[2019-03-13 01:42:39.480] [sharedprocess] [info] Scanned user extensions: 7
[2019-03-13 01:44:00.157] [sharedprocess] [info] Scanned user extensions: 7
[2019-03-13 01:47:39.492] [sharedprocess] [info] Scanned user extensions: 7
[2019-03-13 01:49:00.175] [sharedprocess] [info] Scanned user extensions: 7
[2019-03-13 01:52:39.503] [sharedprocess] [info] Scanned user extensions: 7
[2019-03-13 01:54:00.188] [sharedprocess] [info] Scanned user extensions: 7
[2019-03-13 01:57:39.512] [sharedprocess] [info] Scanned user extensions: 7
[2019-03-13 01:59:00.204] [sharedprocess] [info] Scanned user extensions: 7
[2019-03-13 02:02:39.523] [sharedprocess] [info] Scanned user extensions: 7
[2019-03-13 02:04:00.212] [sharedprocess] [info] Scanned user extensions: 7
[2019-03-13 02:07:39.534] [sharedprocess] [info] Scanned user extensions: 7
[2019-03-13 02:09:00.227] [sharedprocess] [info] Scanned user extensions: 7
[2019-03-13 02:12:39.547] [sharedprocess] [info] Scanned user extensions: 7
[2019-03-13 02:14:00.240] [sharedprocess] [info] Scanned user extensions: 7
[2019-03-13 02:17:39.553] [sharedprocess] [info] Scanned user extensions: 7
[2019-03-13 02:19:00.254] [sharedprocess] [info] Scanned user extensions: 7
[2019-03-13 02:22:39.563] [sharedprocess] [info] Scanned user extensions: 7
[2019-03-13 02:24:00.269] [sharedprocess] [info] Scanned user extensions: 7
[2019-03-13 02:27:39.572] [sharedprocess] [info] Scanned user extensions: 7
[2019-03-13 02:29:00.279] [sharedprocess] [info] Scanned user extensions: 7
[2019-03-13 02:32:39.579] [sharedprocess] [info] Scanned user extensions: 7
[2019-03-13 02:34:00.287] [sharedprocess] [info] Scanned user extensions: 7
[2019-03-13 02:37:39.587] [sharedprocess] [info] Scanned user extensions: 7
[2019-03-13 02:39:00.300] [sharedprocess] [info] Scanned user extensions: 7
[2019-03-13 02:42:39.594] [sharedprocess] [info] Scanned user extensions: 7
[2019-03-13 02:44:01.020] [sharedprocess] [info] Scanned user extensions: 7
[2019-03-13 02:47:39.601] [sharedprocess] [info] Scanned user extensions: 7
[2019-03-13 02:49:01.028] [sharedprocess] [info] Scanned user extensions: 7
[2019-03-13 02:52:39.612] [sharedprocess] [info] Scanned user extensions: 7
[2019-03-13 02:54:01.042] [sharedprocess] [info] Scanned user extensions: 7
[2019-03-13 02:57:39.619] [sharedprocess] [info] Scanned user extensions: 7
[2019-03-13 02:59:01.057] [sharedprocess] [info] Scanned user extensions: 7
[2019-03-13 03:02:39.625] [sharedprocess] [info] Scanned user extensions: 7
[2019-03-13 03:04:01.067] [sharedprocess] [info] Scanned user extensions: 7
[2019-03-13 03:07:39.634] [sharedprocess] [info] Scanned user extensions: 7
[2019-03-13 03:09:01.077] [sharedprocess] [info] Scanned user extensions: 7
[2019-03-13 03:12:39.644] [sharedprocess] [info] Scanned user extensions: 7
[2019-03-13 03:14:01.088] [sharedprocess] [info] Scanned user extensions: 7
[2019-03-13 03:17:39.649] [sharedprocess] [info] Scanned user extensions: 7
[2019-03-13 03:19:01.096] [sharedprocess] [info] Scanned user extensions: 7
[2019-03-13 03:22:39.656] [sharedprocess] [info] Scanned user extensions: 7
[2019-03-13 03:24:01.109] [sharedprocess] [info] Scanned user extensions: 7
[2019-03-13 03:27:39.664] [sharedprocess] [info] Scanned user extensions: 7
[2019-03-13 03:29:01.133] [sharedprocess] [info] Scanned user extensions: 7
[2019-03-13 03:32:39.673] [sharedprocess] [info] Scanned user extensions: 7
[2019-03-13 03:34:01.143] [sharedprocess] [info] Scanned user extensions: 7
[2019-03-13 03:37:39.684] [sharedprocess] [info] Scanned user extensions: 7
[2019-03-13 03:39:01.151] [sharedprocess] [info] Scanned user extensions: 7
[2019-03-13 03:42:39.691] [sharedprocess] [info] Scanned user extensions: 7
[2019-03-13 03:44:02.004] [sharedprocess] [info] Scanned user extensions: 7
[2019-03-13 03:47:39.699] [sharedprocess] [info] Scanned user extensions: 7
[2019-03-13 03:49:02.017] [sharedprocess] [info] Scanned user extensions: 7
[2019-03-13 03:52:39.704] [sharedprocess] [info] Scanned user extensions: 7
[2019-03-13 03:54:02.029] [sharedprocess] [info] Scanned user extensions: 7
[2019-03-13 03:57:39.714] [sharedprocess] [info] Scanned user extensions: 7
[2019-03-13 03:59:02.043] [sharedprocess] [info] Scanned user extensions: 7
[2019-03-13 04:02:39.723] [sharedprocess] [info] Scanned user extensions: 7
[2019-03-13 04:04:02.053] [sharedprocess] [info] Scanned user extensions: 7
[2019-03-13 04:07:39.731] [sharedprocess] [info] Scanned user extensions: 7
[2019-03-13 04:09:02.061] [sharedprocess] [info] Scanned user extensions: 7
[2019-03-13 04:12:39.739] [sharedprocess] [info] Scanned user extensions: 7
[2019-03-13 04:14:02.073] [sharedprocess] [info] Scanned user extensions: 7
[2019-03-13 04:17:39.747] [sharedprocess] [info] Scanned user extensions: 7
[2019-03-13 04:19:02.083] [sharedprocess] [info] Scanned user extensions: 7
[2019-03-13 04:22:39.753] [sharedprocess] [info] Scanned user extensions: 7
[2019-03-13 04:24:02.091] [sharedprocess] [info] Scanned user extensions: 7
[2019-03-13 04:27:39.765] [sharedprocess] [info] Scanned user extensions: 7
[2019-03-13 04:29:02.105] [sharedprocess] [info] Scanned user extensions: 7
[2019-03-13 04:32:39.777] [sharedprocess] [info] Scanned user extensions: 7
[2019-03-13 04:34:02.119] [sharedprocess] [info] Scanned user extensions: 7
[2019-03-13 04:37:39.789] [sharedprocess] [info] Scanned user extensions: 7
[2019-03-13 04:39:02.132] [sharedprocess] [info] Scanned user extensions: 7
[2019-03-13 04:42:39.798] [sharedprocess] [info] Scanned user extensions: 7
[2019-03-13 04:44:02.853] [sharedprocess] [info] Scanned user extensions: 7
[2019-03-13 04:47:39.806] [sharedprocess] [info] Scanned user extensions: 7
[2019-03-13 04:49:02.866] [sharedprocess] [info] Scanned user extensions: 7
[2019-03-13 04:52:39.817] [sharedprocess] [info] Scanned user extensions: 7
[2019-03-13 04:54:02.879] [sharedprocess] [info] Scanned user extensions: 7
[2019-03-13 04:57:39.828] [sharedprocess] [info] Scanned user extensions: 7
[2019-03-13 04:59:02.893] [sharedprocess] [info] Scanned user extensions: 7
[2019-03-13 05:02:39.838] [sharedprocess] [info] Scanned user extensions: 7
[2019-03-13 05:04:02.907] [sharedprocess] [info] Scanned user extensions: 7
[2019-03-13 15:14:48.428] [sharedprocess] [info] Scanned user extensions: 7
[2019-03-13 15:16:11.153] [sharedprocess] [info] Scanned user extensions: 7
[2019-03-13 15:19:48.437] [sharedprocess] [info] Scanned user extensions: 7
[2019-03-13 15:21:11.161] [sharedprocess] [info] Scanned user extensions: 7
[2019-03-13 15:24:48.450] [sharedprocess] [info] Scanned user extensions: 7
[2019-03-13 15:26:11.170] [sharedprocess] [info] Scanned user extensions: 7
[2019-03-13 15:29:48.460] [sharedprocess] [info] Scanned user extensions: 7
[2019-03-13 15:31:11.176] [sharedprocess] [info] Scanned user extensions: 7
[2019-03-13 15:34:48.471] [sharedprocess] [info] Scanned user extensions: 7
[2019-03-13 15:36:11.185] [sharedprocess] [info] Scanned user extensions: 7
[2019-03-13 15:39:48.480] [sharedprocess] [info] Scanned user extensions: 7
[2019-03-13 15:41:11.192] [sharedprocess] [info] Scanned user extensions: 7
[2019-03-13 15:44:48.489] [sharedprocess] [info] Scanned user extensions: 7
[2019-03-13 15:46:12.138] [sharedprocess] [info] Scanned user extensions: 7
[2019-03-13 15:49:49.438] [sharedprocess] [info] Scanned user extensions: 7
[2019-03-13 15:51:12.146] [sharedprocess] [info] Scanned user extensions: 7
[2019-03-13 15:54:49.451] [sharedprocess] [info] Scanned user extensions: 7
[2019-03-13 15:56:12.160] [sharedprocess] [info] Scanned user extensions: 7
[2019-03-13 15:59:49.468] [sharedprocess] [info] Scanned user extensions: 7
[2019-03-13 16:01:12.175] [sharedprocess] [info] Scanned user extensions: 7
[2019-03-13 16:04:49.482] [sharedprocess] [info] Scanned user extensions: 7
[2019-03-13 16:06:12.188] [sharedprocess] [info] Scanned user extensions: 7
[2019-03-13 16:09:49.497] [sharedprocess] [info] Scanned user extensions: 7
[2019-03-13 16:11:12.200] [sharedprocess] [info] Scanned user extensions: 7
[2019-03-13 16:14:49.833] [sharedprocess] [info] Scanned user extensions: 7
[2019-03-13 16:16:12.207] [sharedprocess] [info] Scanned user extensions: 7
[2019-03-13 16:19:49.845] [sharedprocess] [info] Scanned user extensions: 7
[2019-03-13 16:21:12.215] [sharedprocess] [info] Scanned user extensions: 7
[2019-03-13 16:24:49.856] [sharedprocess] [info] Scanned user extensions: 7
[2019-03-13 16:26:12.224] [sharedprocess] [info] Scanned user extensions: 7
[2019-03-13 16:29:49.865] [sharedprocess] [info] Scanned user extensions: 7
[2019-03-13 16:31:12.234] [sharedprocess] [info] Scanned user extensions: 7
[2019-03-13 16:34:49.873] [sharedprocess] [info] Scanned user extensions: 7
[2019-03-13 16:36:12.242] [sharedprocess] [info] Scanned user extensions: 7
[2019-03-13 16:39:49.884] [sharedprocess] [info] Scanned user extensions: 7
[2019-03-13 16:41:12.251] [sharedprocess] [info] Scanned user extensions: 7
[2019-03-13 16:44:49.894] [sharedprocess] [info] Scanned user extensions: 7
[2019-03-13 16:46:12.258] [sharedprocess] [info] Scanned user extensions: 7
[2019-03-13 16:49:49.911] [sharedprocess] [info] Scanned user extensions: 7
[2019-03-13 16:51:12.267] [sharedprocess] [info] Scanned user extensions: 7
[2019-03-13 16:54:49.921] [sharedprocess] [info] Scanned user extensions: 7
[2019-03-13 16:56:12.277] [sharedprocess] [info] Scanned user extensions: 7
[2019-03-13 16:59:49.935] [sharedprocess] [info] Scanned user extensions: 7
[2019-03-13 17:01:12.283] [sharedprocess] [info] Scanned user extensions: 7
[2019-03-13 17:04:49.947] [sharedprocess] [info] Scanned user extensions: 7
[2019-03-13 17:06:12.295] [sharedprocess] [info] Scanned user extensions: 7
[2019-03-13 17:09:49.962] [sharedprocess] [info] Scanned user extensions: 7
[2019-03-13 17:11:12.308] [sharedprocess] [info] Scanned user extensions: 7
[2019-03-13 17:14:50.306] [sharedprocess] [info] Scanned user extensions: 7
[2019-03-13 17:16:12.316] [sharedprocess] [info] Scanned user extensions: 7
[2019-03-13 17:19:50.321] [sharedprocess] [info] Scanned user extensions: 7
[2019-03-13 17:21:12.322] [sharedprocess] [info] Scanned user extensions: 7
[2019-03-13 17:24:50.335] [sharedprocess] [info] Scanned user extensions: 7
[2019-03-13 17:26:12.330] [sharedprocess] [info] Scanned user extensions: 7
[2019-03-13 17:29:50.351] [sharedprocess] [info] Scanned user extensions: 7
[2019-03-13 17:31:12.342] [sharedprocess] [info] Scanned user extensions: 7
[2019-03-13 17:34:50.364] [sharedprocess] [info] Scanned user extensions: 7
[2019-03-13 17:36:12.358] [sharedprocess] [info] Scanned user extensions: 7
[2019-03-13 17:39:50.373] [sharedprocess] [info] Scanned user extensions: 7
[2019-03-13 17:41:12.369] [sharedprocess] [info] Scanned user extensions: 7
[2019-03-13 17:44:50.381] [sharedprocess] [info] Scanned user extensions: 7
[2019-03-13 17:46:12.380] [sharedprocess] [info] Scanned user extensions: 7
[2019-03-13 17:49:50.401] [sharedprocess] [info] Scanned user extensions: 7
[2019-03-13 17:51:12.389] [sharedprocess] [info] Scanned user extensions: 7
[2019-03-13 17:54:50.411] [sharedprocess] [info] Scanned user extensions: 7
[2019-03-13 17:56:12.396] [sharedprocess] [info] Scanned user extensions: 7
[2019-03-13 17:59:50.419] [sharedprocess] [info] Scanned user extensions: 7
[2019-03-13 18:01:12.401] [sharedprocess] [info] Scanned user extensions: 7
[2019-03-13 18:04:50.438] [sharedprocess] [info] Scanned user extensions: 7
[2019-03-13 18:06:12.412] [sharedprocess] [info] Scanned user extensions: 7
[2019-03-13 18:09:50.453] [sharedprocess] [info] Scanned user extensions: 7
[2019-03-13 18:11:12.424] [sharedprocess] [info] Scanned user extensions: 7
[2019-03-13 18:14:56.004] [sharedprocess] [info] Scanned user extensions: 7
[2019-03-13 18:16:12.430] [sharedprocess] [info] Scanned user extensions: 7
[2019-03-13 18:19:56.018] [sharedprocess] [info] Scanned user extensions: 7
[2019-03-13 18:21:12.441] [sharedprocess] [info] Scanned user extensions: 7
[2019-03-13 18:24:56.036] [sharedprocess] [info] Scanned user extensions: 7
[2019-03-13 18:26:12.451] [sharedprocess] [info] Scanned user extensions: 7
[2019-03-13 18:29:56.051] [sharedprocess] [info] Scanned user extensions: 7
[2019-03-13 18:31:12.457] [sharedprocess] [info] Scanned user extensions: 7
[2019-03-13 18:34:56.061] [sharedprocess] [info] Scanned user extensions: 7
[2019-03-13 18:36:12.465] [sharedprocess] [info] Scanned user extensions: 7
[2019-03-13 18:39:56.101] [sharedprocess] [info] Scanned user extensions: 7
[2019-03-13 18:41:12.473] [sharedprocess] [info] Scanned user extensions: 7
[2019-03-13 18:44:56.116] [sharedprocess] [info] Scanned user extensions: 7
[2019-03-13 18:46:12.483] [sharedprocess] [info] Scanned user extensions: 7
[2019-03-13 18:49:56.130] [sharedprocess] [info] Scanned user extensions: 7
[2019-03-13 18:51:12.495] [sharedprocess] [info] Scanned user extensions: 7
[2019-03-13 18:54:56.139] [sharedprocess] [info] Scanned user extensions: 7
[2019-03-13 18:56:12.508] [sharedprocess] [info] Scanned user extensions: 7
[2019-03-13 18:59:56.148] [sharedprocess] [info] Scanned user extensions: 7
[2019-03-13 19:01:12.520] [sharedprocess] [info] Scanned user extensions: 7
[2019-03-13 19:04:56.163] [sharedprocess] [info] Scanned user extensions: 7
[2019-03-13 19:06:12.532] [sharedprocess] [info] Scanned user extensions: 7
[2019-03-13 19:09:56.172] [sharedprocess] [info] Scanned user extensions: 7
[2019-03-13 19:11:12.540] [sharedprocess] [info] Scanned user extensions: 7
[2019-03-13 19:14:56.537] [sharedprocess] [info] Scanned user extensions: 7
[2019-03-13 19:16:12.548] [sharedprocess] [info] Scanned user extensions: 7
[2019-03-13 19:19:56.553] [sharedprocess] [info] Scanned user extensions: 7
[2019-03-13 19:21:12.559] [sharedprocess] [info] Scanned user extensions: 7
[2019-03-13 19:24:56.567] [sharedprocess] [info] Scanned user extensions: 7
[2019-03-13 19:26:12.571] [sharedprocess] [info] Scanned user extensions: 7
[2019-03-13 19:29:56.577] [sharedprocess] [info] Scanned user extensions: 7
[2019-03-13 19:31:12.578] [sharedprocess] [info] Scanned user extensions: 7
[2019-03-13 19:34:56.588] [sharedprocess] [info] Scanned user extensions: 7
[2019-03-13 19:36:12.585] [sharedprocess] [info] Scanned user extensions: 7
[2019-03-13 19:39:56.596] [sharedprocess] [info] Scanned user extensions: 7
[2019-03-13 19:41:12.593] [sharedprocess] [info] Scanned user extensions: 7
[2019-03-13 19:44:56.613] [sharedprocess] [info] Scanned user extensions: 7
[2019-03-13 19:46:12.601] [sharedprocess] [info] Scanned user extensions: 7
[2019-03-13 19:49:56.842] [sharedprocess] [info] Scanned user extensions: 7
[2019-03-13 19:51:12.662] [sharedprocess] [info] Scanned user extensions: 7
[2019-03-13 19:54:57.083] [sharedprocess] [info] Scanned user extensions: 7
[2019-03-13 19:56:13.264] [sharedprocess] [info] Scanned user extensions: 7
[2019-03-13 19:59:57.368] [sharedprocess] [info] Scanned user extensions: 7
[2019-03-13 20:01:13.371] [sharedprocess] [info] Scanned user extensions: 7
[2019-03-13 20:04:57.664] [sharedprocess] [info] Scanned user extensions: 7
[2019-03-13 20:07:16.387] [sharedprocess] [info] Scanned user extensions: 7
[2019-03-13 20:09:57.735] [sharedprocess] [info] Scanned user extensions: 7
[2019-03-13 20:12:24.627] [sharedprocess] [info] Scanned user extensions: 7
[2019-03-13 20:14:58.076] [sharedprocess] [info] Scanned user extensions: 7
[2019-03-13 20:17:24.634] [sharedprocess] [info] Scanned user extensions: 7
[2019-03-13 20:19:58.091] [sharedprocess] [info] Scanned user extensions: 7
[2019-03-13 20:22:24.640] [sharedprocess] [info] Scanned user extensions: 7
[2019-03-13 20:24:58.101] [sharedprocess] [info] Scanned user extensions: 7
[2019-03-13 20:27:24.652] [sharedprocess] [info] Scanned user extensions: 7
[2019-03-13 20:29:58.110] [sharedprocess] [info] Scanned user extensions: 7
[2019-03-13 20:32:24.663] [sharedprocess] [info] Scanned user extensions: 7
[2019-03-13 20:34:58.125] [sharedprocess] [info] Scanned user extensions: 7
[2019-03-13 20:37:24.673] [sharedprocess] [info] Scanned user extensions: 7
[2019-03-13 20:39:58.139] [sharedprocess] [info] Scanned user extensions: 7
[2019-03-13 20:42:24.684] [sharedprocess] [info] Scanned user extensions: 7
[2019-03-13 20:44:58.154] [sharedprocess] [info] Scanned user extensions: 7
[2019-03-13 20:47:24.696] [sharedprocess] [info] Scanned user extensions: 7
[2019-03-13 20:49:58.175] [sharedprocess] [info] Scanned user extensions: 7
[2019-03-13 20:52:24.708] [sharedprocess] [info] Scanned user extensions: 7
[2019-03-13 20:54:58.189] [sharedprocess] [info] Scanned user extensions: 7
[2019-03-13 20:57:24.720] [sharedprocess] [info] Scanned user extensions: 7
[2019-03-13 20:59:58.204] [sharedprocess] [info] Scanned user extensions: 7
[2019-03-13 21:02:24.732] [sharedprocess] [info] Scanned user extensions: 7
[2019-03-13 21:04:58.219] [sharedprocess] [info] Scanned user extensions: 7
[2019-03-13 21:07:24.743] [sharedprocess] [info] Scanned user extensions: 7
[2019-03-13 21:09:58.234] [sharedprocess] [info] Scanned user extensions: 7
[2019-03-13 21:12:24.755] [sharedprocess] [info] Scanned user extensions: 7
[2019-03-13 21:14:58.567] [sharedprocess] [info] Scanned user extensions: 7
[2019-03-13 21:17:24.767] [sharedprocess] [info] Scanned user extensions: 7
[2019-03-13 21:19:58.582] [sharedprocess] [info] Scanned user extensions: 7
[2019-03-13 21:22:24.779] [sharedprocess] [info] Scanned user extensions: 7
[2019-03-13 21:24:58.596] [sharedprocess] [info] Scanned user extensions: 7
[2019-03-13 21:27:24.791] [sharedprocess] [info] Scanned user extensions: 7
[2019-03-13 21:29:58.609] [sharedprocess] [info] Scanned user extensions: 7
[2019-03-13 21:32:24.806] [sharedprocess] [info] Scanned user extensions: 7
[2019-03-13 21:34:58.623] [sharedprocess] [info] Scanned user extensions: 7
[2019-03-13 21:37:24.819] [sharedprocess] [info] Scanned user extensions: 7
[2019-03-13 21:39:58.638] [sharedprocess] [info] Scanned user extensions: 7
[2019-03-13 21:42:24.830] [sharedprocess] [info] Scanned user extensions: 7
[2019-03-13 21:44:58.652] [sharedprocess] [info] Scanned user extensions: 7
[2019-03-13 21:47:24.843] [sharedprocess] [info] Scanned user extensions: 7
[2019-03-13 21:49:58.667] [sharedprocess] [info] Scanned user extensions: 7
[2019-03-13 21:52:24.854] [sharedprocess] [info] Scanned user extensions: 7
[2019-03-13 21:54:58.683] [sharedprocess] [info] Scanned user extensions: 7
[2019-03-13 21:57:24.866] [sharedprocess] [info] Scanned user extensions: 7
[2019-03-13 21:59:58.699] [sharedprocess] [info] Scanned user extensions: 7
[2019-03-13 22:02:24.876] [sharedprocess] [info] Scanned user extensions: 7
[2019-03-13 22:04:58.711] [sharedprocess] [info] Scanned user extensions: 7
[2019-03-13 22:07:24.884] [sharedprocess] [info] Scanned user extensions: 7
[2019-03-13 22:09:58.722] [sharedprocess] [info] Scanned user extensions: 7
[2019-03-13 22:12:24.895] [sharedprocess] [info] Scanned user extensions: 7
[2019-03-13 22:14:59.056] [sharedprocess] [info] Scanned user extensions: 7
[2019-03-13 22:17:24.904] [sharedprocess] [info] Scanned user extensions: 7
[2019-03-13 22:19:59.066] [sharedprocess] [info] Scanned user extensions: 7
[2019-03-13 22:22:24.914] [sharedprocess] [info] Scanned user extensions: 7
[2019-03-13 22:24:59.095] [sharedprocess] [info] Scanned user extensions: 7
[2019-03-13 22:27:24.923] [sharedprocess] [info] Scanned user extensions: 7
[2019-03-13 22:29:59.107] [sharedprocess] [info] Scanned user extensions: 7
[2019-03-13 22:32:24.932] [sharedprocess] [info] Scanned user extensions: 7
[2019-03-13 22:34:59.117] [sharedprocess] [info] Scanned user extensions: 7
[2019-03-13 22:37:24.942] [sharedprocess] [info] Scanned user extensions: 7
[2019-03-13 22:39:59.128] [sharedprocess] [info] Scanned user extensions: 7
[2019-03-13 22:42:24.952] [sharedprocess] [info] Scanned user extensions: 7
[2019-03-13 22:44:59.142] [sharedprocess] [info] Scanned user extensions: 7
[2019-03-13 22:47:24.962] [sharedprocess] [info] Scanned user extensions: 7
[2019-03-13 22:49:59.154] [sharedprocess] [info] Scanned user extensions: 7
[2019-03-13 22:52:24.971] [sharedprocess] [info] Scanned user extensions: 7
[2019-03-13 22:54:59.166] [sharedprocess] [info] Scanned user extensions: 7
[2019-03-13 22:57:24.979] [sharedprocess] [info] Scanned user extensions: 7
[2019-03-13 22:59:59.180] [sharedprocess] [info] Scanned user extensions: 7
[2019-03-13 23:02:24.990] [sharedprocess] [info] Scanned user extensions: 7
[2019-03-13 23:04:59.197] [sharedprocess] [info] Scanned user extensions: 7
[2019-03-13 23:07:25.003] [sharedprocess] [info] Scanned user extensions: 7
[2019-03-13 23:09:59.208] [sharedprocess] [info] Scanned user extensions: 7
[2019-03-13 23:12:25.011] [sharedprocess] [info] Scanned user extensions: 7
[2019-03-13 23:14:59.547] [sharedprocess] [info] Scanned user extensions: 7
[2019-03-13 23:17:25.023] [sharedprocess] [info] Scanned user extensions: 7
[2019-03-13 23:19:59.562] [sharedprocess] [info] Scanned user extensions: 7
[2019-03-13 23:22:25.034] [sharedprocess] [info] Scanned user extensions: 7
[2019-03-13 23:24:59.577] [sharedprocess] [info] Scanned user extensions: 7
[2019-03-13 23:27:25.046] [sharedprocess] [info] Scanned user extensions: 7
[2019-03-13 23:29:59.593] [sharedprocess] [info] Scanned user extensions: 7
[2019-03-13 23:32:25.059] [sharedprocess] [info] Scanned user extensions: 7
[2019-03-13 23:34:59.609] [sharedprocess] [info] Scanned user extensions: 7
[2019-03-13 23:37:25.069] [sharedprocess] [info] Scanned user extensions: 7
[2019-03-13 23:39:59.623] [sharedprocess] [info] Scanned user extensions: 7
[2019-03-13 23:42:25.078] [sharedprocess] [info] Scanned user extensions: 7
[2019-03-13 23:44:59.638] [sharedprocess] [info] Scanned user extensions: 7
[2019-03-13 23:47:25.093] [sharedprocess] [info] Scanned user extensions: 7
[2019-03-13 23:49:59.653] [sharedprocess] [info] Scanned user extensions: 7
[2019-03-13 23:52:25.101] [sharedprocess] [info] Scanned user extensions: 7
[2019-03-13 23:54:59.669] [sharedprocess] [info] Scanned user extensions: 7
[2019-03-13 23:57:25.111] [sharedprocess] [info] Scanned user extensions: 7
[2019-03-13 23:59:59.683] [sharedprocess] [info] Scanned user extensions: 7
[2019-03-14 00:02:25.122] [sharedprocess] [info] Scanned user extensions: 7
[2019-03-14 00:04:59.696] [sharedprocess] [info] Scanned user extensions: 7
[2019-03-14 00:07:25.134] [sharedprocess] [info] Scanned user extensions: 7
[2019-03-14 00:09:59.711] [sharedprocess] [info] Scanned user extensions: 7
[2019-03-14 00:12:25.144] [sharedprocess] [info] Scanned user extensions: 7
[2019-03-14 00:15:00.048] [sharedprocess] [info] Scanned user extensions: 7
[2019-03-14 00:17:25.155] [sharedprocess] [info] Scanned user extensions: 7
[2019-03-14 00:20:00.063] [sharedprocess] [info] Scanned user extensions: 7
[2019-03-14 00:22:25.165] [sharedprocess] [info] Scanned user extensions: 7
[2019-03-14 00:25:00.082] [sharedprocess] [info] Scanned user extensions: 7
[2019-03-14 00:27:25.177] [sharedprocess] [info] Scanned user extensions: 7
[2019-03-14 00:30:00.097] [sharedprocess] [info] Scanned user extensions: 7
[2019-03-14 00:32:25.191] [sharedprocess] [info] Scanned user extensions: 7
[2019-03-14 00:35:00.113] [sharedprocess] [info] Scanned user extensions: 7
[2019-03-14 00:37:25.202] [sharedprocess] [info] Scanned user extensions: 7
[2019-03-14 00:40:00.127] [sharedprocess] [info] Scanned user extensions: 7
[2019-03-14 00:42:25.214] [sharedprocess] [info] Scanned user extensions: 7
[2019-03-14 00:45:00.142] [sharedprocess] [info] Scanned user extensions: 7
[2019-03-14 00:47:25.226] [sharedprocess] [info] Scanned user extensions: 7
[2019-03-14 00:50:00.158] [sharedprocess] [info] Scanned user extensions: 7
[2019-03-14 00:52:25.237] [sharedprocess] [info] Scanned user extensions: 7
[2019-03-14 00:55:00.168] [sharedprocess] [info] Scanned user extensions: 7
[2019-03-14 00:57:25.249] [sharedprocess] [info] Scanned user extensions: 7
[2019-03-14 01:00:00.178] [sharedprocess] [info] Scanned user extensions: 7
[2019-03-14 01:02:25.263] [sharedprocess] [info] Scanned user extensions: 7
[2019-03-14 01:05:00.188] [sharedprocess] [info] Scanned user extensions: 7
[2019-03-14 01:07:25.275] [sharedprocess] [info] Scanned user extensions: 7
[2019-03-14 01:10:00.200] [sharedprocess] [info] Scanned user extensions: 7
[2019-03-14 01:12:25.290] [sharedprocess] [info] Scanned user extensions: 7
[2019-03-14 01:15:00.794] [sharedprocess] [info] Scanned user extensions: 7
[2019-03-14 01:17:25.302] [sharedprocess] [info] Scanned user extensions: 7
[2019-03-14 01:20:00.804] [sharedprocess] [info] Scanned user extensions: 7
[2019-03-14 01:22:25.313] [sharedprocess] [info] Scanned user extensions: 7
[2019-03-14 01:25:00.818] [sharedprocess] [info] Scanned user extensions: 7
[2019-03-14 01:27:25.324] [sharedprocess] [info] Scanned user extensions: 7
[2019-03-14 01:30:00.829] [sharedprocess] [info] Scanned user extensions: 7
[2019-03-14 01:32:25.336] [sharedprocess] [info] Scanned user extensions: 7
[2019-03-14 01:35:00.843] [sharedprocess] [info] Scanned user extensions: 7
[2019-03-14 01:37:25.349] [sharedprocess] [info] Scanned user extensions: 7
[2019-03-14 01:40:00.853] [sharedprocess] [info] Scanned user extensions: 7
[2019-03-14 01:42:25.360] [sharedprocess] [info] Scanned user extensions: 7
[2019-03-14 01:45:00.869] [sharedprocess] [info] Scanned user extensions: 7
[2019-03-14 01:47:25.368] [sharedprocess] [info] Scanned user extensions: 7
[2019-03-14 01:50:00.880] [sharedprocess] [info] Scanned user extensions: 7
[2019-03-14 01:52:25.379] [sharedprocess] [info] Scanned user extensions: 7
[2019-03-14 01:55:00.894] [sharedprocess] [info] Scanned user extensions: 7
[2019-03-14 01:57:25.390] [sharedprocess] [info] Scanned user extensions: 7
[2019-03-14 02:00:00.906] [sharedprocess] [info] Scanned user extensions: 7
[2019-03-14 02:02:25.401] [sharedprocess] [info] Scanned user extensions: 7
[2019-03-14 02:05:00.922] [sharedprocess] [info] Scanned user extensions: 7
[2019-03-14 02:07:25.413] [sharedprocess] [info] Scanned user extensions: 7
[2019-03-14 02:10:00.936] [sharedprocess] [info] Scanned user extensions: 7
[2019-03-14 02:12:25.424] [sharedprocess] [info] Scanned user extensions: 7
[2019-03-14 02:15:01.528] [sharedprocess] [info] Scanned user extensions: 7
[2019-03-14 02:17:25.435] [sharedprocess] [info] Scanned user extensions: 7
[2019-03-14 02:20:01.542] [sharedprocess] [info] Scanned user extensions: 7
[2019-03-14 02:22:25.447] [sharedprocess] [info] Scanned user extensions: 7
[2019-03-14 02:25:01.557] [sharedprocess] [info] Scanned user extensions: 7
[2019-03-14 02:27:25.458] [sharedprocess] [info] Scanned user extensions: 7
[2019-03-14 02:30:01.572] [sharedprocess] [info] Scanned user extensions: 7
[2019-03-14 02:32:25.470] [sharedprocess] [info] Scanned user extensions: 7
[2019-03-14 02:35:01.589] [sharedprocess] [info] Scanned user extensions: 7
[2019-03-14 02:37:25.479] [sharedprocess] [info] Scanned user extensions: 7
[2019-03-14 02:40:01.600] [sharedprocess] [info] Scanned user extensions: 7
[2019-03-14 02:42:25.491] [sharedprocess] [info] Scanned user extensions: 7
[2019-03-14 02:45:01.614] [sharedprocess] [info] Scanned user extensions: 7
[2019-03-14 02:47:25.503] [sharedprocess] [info] Scanned user extensions: 7
[2019-03-14 02:50:01.630] [sharedprocess] [info] Scanned user extensions: 7
[2019-03-14 02:52:25.514] [sharedprocess] [info] Scanned user extensions: 7
[2019-03-14 02:55:01.641] [sharedprocess] [info] Scanned user extensions: 7
[2019-03-14 02:57:25.522] [sharedprocess] [info] Scanned user extensions: 7
[2019-03-14 03:00:01.653] [sharedprocess] [info] Scanned user extensions: 7
[2019-03-14 03:02:25.532] [sharedprocess] [info] Scanned user extensions: 7
[2019-03-14 03:05:01.668] [sharedprocess] [info] Scanned user extensions: 7
[2019-03-14 03:07:25.540] [sharedprocess] [info] Scanned user extensions: 7
[2019-03-14 03:10:01.682] [sharedprocess] [info] Scanned user extensions: 7
[2019-03-14 03:12:25.549] [sharedprocess] [info] Scanned user extensions: 7
[2019-03-14 03:15:02.007] [sharedprocess] [info] Scanned user extensions: 7
[2019-03-14 03:17:25.559] [sharedprocess] [info] Scanned user extensions: 7
[2019-03-14 03:20:02.020] [sharedprocess] [info] Scanned user extensions: 7
[2019-03-14 03:22:25.568] [sharedprocess] [info] Scanned user extensions: 7
[2019-03-14 03:25:02.033] [sharedprocess] [info] Scanned user extensions: 7
[2019-03-14 03:27:25.576] [sharedprocess] [info] Scanned user extensions: 7
[2019-03-14 03:30:02.044] [sharedprocess] [info] Scanned user extensions: 7
[2019-03-14 03:32:25.585] [sharedprocess] [info] Scanned user extensions: 7
[2019-03-14 03:35:02.055] [sharedprocess] [info] Scanned user extensions: 7
[2019-03-14 03:37:25.595] [sharedprocess] [info] Scanned user extensions: 7
[2019-03-14 03:40:02.068] [sharedprocess] [info] Scanned user extensions: 7
[2019-03-14 03:42:25.606] [sharedprocess] [info] Scanned user extensions: 7
[2019-03-14 03:45:02.082] [sharedprocess] [info] Scanned user extensions: 7
[2019-03-14 03:47:25.618] [sharedprocess] [info] Scanned user extensions: 7
[2019-03-14 03:50:02.095] [sharedprocess] [info] Scanned user extensions: 7
[2019-03-14 03:52:25.629] [sharedprocess] [info] Scanned user extensions: 7
[2019-03-14 03:55:02.107] [sharedprocess] [info] Scanned user extensions: 7
[2019-03-14 03:57:25.638] [sharedprocess] [info] Scanned user extensions: 7
[2019-03-14 04:00:02.123] [sharedprocess] [info] Scanned user extensions: 7
[2019-03-14 04:02:25.654] [sharedprocess] [info] Scanned user extensions: 7
[2019-03-14 04:05:02.137] [sharedprocess] [info] Scanned user extensions: 7
[2019-03-14 04:07:25.664] [sharedprocess] [info] Scanned user extensions: 7
[2019-03-14 04:10:02.154] [sharedprocess] [info] Scanned user extensions: 7
[2019-03-14 04:12:25.673] [sharedprocess] [info] Scanned user extensions: 7
[2019-03-14 04:15:02.491] [sharedprocess] [info] Scanned user extensions: 7
[2019-03-14 04:17:25.681] [sharedprocess] [info] Scanned user extensions: 7
[2019-03-14 04:20:02.502] [sharedprocess] [info] Scanned user extensions: 7
[2019-03-14 04:22:25.694] [sharedprocess] [info] Scanned user extensions: 7
[2019-03-14 04:25:02.518] [sharedprocess] [info] Scanned user extensions: 7
[2019-03-14 04:27:25.704] [sharedprocess] [info] Scanned user extensions: 7
[2019-03-14 04:30:02.534] [sharedprocess] [info] Scanned user extensions: 7
[2019-03-14 04:32:25.711] [sharedprocess] [info] Scanned user extensions: 7
[2019-03-14 04:35:02.548] [sharedprocess] [info] Scanned user extensions: 7
[2019-03-14 04:37:25.727] [sharedprocess] [info] Scanned user extensions: 7
[2019-03-14 04:40:02.566] [sharedprocess] [info] Scanned user extensions: 7
[2019-03-14 04:42:25.739] [sharedprocess] [info] Scanned user extensions: 7
[2019-03-14 04:45:02.582] [sharedprocess] [info] Scanned user extensions: 7
[2019-03-14 04:47:25.753] [sharedprocess] [info] Scanned user extensions: 7
[2019-03-14 04:50:02.597] [sharedprocess] [info] Scanned user extensions: 7
[2019-03-14 04:52:25.763] [sharedprocess] [info] Scanned user extensions: 7
[2019-03-14 04:55:02.611] [sharedprocess] [info] Scanned user extensions: 7
[2019-03-14 04:57:25.774] [sharedprocess] [info] Scanned user extensions: 7
[2019-03-14 05:00:02.624] [sharedprocess] [info] Scanned user extensions: 7
[2019-03-14 05:02:25.787] [sharedprocess] [info] Scanned user extensions: 7
[2019-03-14 05:05:02.635] [sharedprocess] [info] Scanned user extensions: 7
[2019-03-14 05:07:25.802] [sharedprocess] [info] Scanned user extensions: 7
[2019-03-14 05:10:02.647] [sharedprocess] [info] Scanned user extensions: 7
[2019-03-14 05:12:25.812] [sharedprocess] [info] Scanned user extensions: 7
[2019-03-14 05:15:02.990] [sharedprocess] [info] Scanned user extensions: 7
[2019-03-14 05:17:25.822] [sharedprocess] [info] Scanned user extensions: 7
[2019-03-14 05:20:03.004] [sharedprocess] [info] Scanned user extensions: 7
[2019-03-14 05:22:25.832] [sharedprocess] [info] Scanned user extensions: 7
[2019-03-14 15:15:51.113] [sharedprocess] [info] Scanned user extensions: 7
[2019-03-14 15:18:13.618] [sharedprocess] [info] Scanned user extensions: 7
[2019-03-14 15:20:51.131] [sharedprocess] [info] Scanned user extensions: 7
[2019-03-14 15:23:13.629] [sharedprocess] [info] Scanned user extensions: 7
[2019-03-14 15:25:51.145] [sharedprocess] [info] Scanned user extensions: 7
[2019-03-14 15:28:13.637] [sharedprocess] [info] Scanned user extensions: 7
[2019-03-14 15:30:51.159] [sharedprocess] [info] Scanned user extensions: 7
[2019-03-14 15:33:13.645] [sharedprocess] [info] Scanned user extensions: 7
[2019-03-14 15:35:51.170] [sharedprocess] [info] Scanned user extensions: 7
[2019-03-14 15:38:13.652] [sharedprocess] [info] Scanned user extensions: 7
[2019-03-14 15:40:51.187] [sharedprocess] [info] Scanned user extensions: 7
[2019-03-14 15:43:13.663] [sharedprocess] [info] Scanned user extensions: 7
[2019-03-14 15:45:51.206] [sharedprocess] [info] Scanned user extensions: 7
[2019-03-14 15:48:13.674] [sharedprocess] [info] Scanned user extensions: 7
[2019-03-14 15:50:51.223] [sharedprocess] [info] Scanned user extensions: 7
[2019-03-14 15:53:13.683] [sharedprocess] [info] Scanned user extensions: 7
[2019-03-14 15:55:51.240] [sharedprocess] [info] Scanned user extensions: 7
[2019-03-14 15:58:13.694] [sharedprocess] [info] Scanned user extensions: 7
[2019-03-14 16:00:51.256] [sharedprocess] [info] Scanned user extensions: 7
[2019-03-14 16:03:13.710] [sharedprocess] [info] Scanned user extensions: 7
[2019-03-14 16:05:51.271] [sharedprocess] [info] Scanned user extensions: 7
[2019-03-14 16:08:13.721] [sharedprocess] [info] Scanned user extensions: 7
[2019-03-14 16:10:51.289] [sharedprocess] [info] Scanned user extensions: 7
[2019-03-14 16:13:13.734] [sharedprocess] [info] Scanned user extensions: 7
[2019-03-14 16:15:51.629] [sharedprocess] [info] Scanned user extensions: 7
[2019-03-14 16:18:13.749] [sharedprocess] [info] Scanned user extensions: 7
[2019-03-14 16:20:51.644] [sharedprocess] [info] Scanned user extensions: 7
[2019-03-14 16:23:13.758] [sharedprocess] [info] Scanned user extensions: 7
[2019-03-14 16:25:51.659] [sharedprocess] [info] Scanned user extensions: 7
[2019-03-14 16:28:13.768] [sharedprocess] [info] Scanned user extensions: 7
[2019-03-14 16:30:51.672] [sharedprocess] [info] Scanned user extensions: 7
[2019-03-14 16:33:13.776] [sharedprocess] [info] Scanned user extensions: 7
[2019-03-14 16:35:51.688] [sharedprocess] [info] Scanned user extensions: 7
[2019-03-14 16:38:13.784] [sharedprocess] [info] Scanned user extensions: 7
[2019-03-14 16:40:51.702] [sharedprocess] [info] Scanned user extensions: 7
[2019-03-14 16:43:13.793] [sharedprocess] [info] Scanned user extensions: 7
[2019-03-14 16:45:51.714] [sharedprocess] [info] Scanned user extensions: 7
[2019-03-14 16:48:13.808] [sharedprocess] [info] Scanned user extensions: 7
[2019-03-14 16:50:51.737] [sharedprocess] [info] Scanned user extensions: 7
[2019-03-14 16:53:13.819] [sharedprocess] [info] Scanned user extensions: 7
[2019-03-14 16:55:51.750] [sharedprocess] [info] Scanned user extensions: 7
[2019-03-14 16:58:13.827] [sharedprocess] [info] Scanned user extensions: 7
[2019-03-14 17:00:51.769] [sharedprocess] [info] Scanned user extensions: 7
[2019-03-14 17:03:13.836] [sharedprocess] [info] Scanned user extensions: 7
[2019-03-14 17:05:51.791] [sharedprocess] [info] Scanned user extensions: 7
[2019-03-14 17:08:13.846] [sharedprocess] [info] Scanned user extensions: 7
[2019-03-14 17:10:51.803] [sharedprocess] [info] Scanned user extensions: 7
[2019-03-14 17:13:13.858] [sharedprocess] [info] Scanned user extensions: 7
[2019-03-14 17:15:52.198] [sharedprocess] [info] Scanned user extensions: 7
[2019-03-14 17:18:13.870] [sharedprocess] [info] Scanned user extensions: 7
[2019-03-14 17:20:52.214] [sharedprocess] [info] Scanned user extensions: 7
[2019-03-14 17:23:13.881] [sharedprocess] [info] Scanned user extensions: 7
[2019-03-14 17:25:52.231] [sharedprocess] [info] Scanned user extensions: 7
[2019-03-14 17:28:13.893] [sharedprocess] [info] Scanned user extensions: 7
[2019-03-14 17:30:52.250] [sharedprocess] [info] Scanned user extensions: 7
[2019-03-14 17:33:13.903] [sharedprocess] [info] Scanned user extensions: 7
[2019-03-14 17:35:52.267] [sharedprocess] [info] Scanned user extensions: 7
[2019-03-14 17:38:13.922] [sharedprocess] [info] Scanned user extensions: 7
[2019-03-14 17:43:13.936] [sharedprocess] [info] Scanned user extensions: 7
[2019-03-14 17:48:13.946] [sharedprocess] [info] Scanned user extensions: 7
[2019-03-14 17:53:13.958] [sharedprocess] [info] Scanned user extensions: 7
[2019-03-14 17:58:13.973] [sharedprocess] [info] Scanned user extensions: 7
[2019-03-14 18:03:13.984] [sharedprocess] [info] Scanned user extensions: 7
[2019-03-14 18:08:13.998] [sharedprocess] [info] Scanned user extensions: 7
[2019-03-14 18:13:14.012] [sharedprocess] [info] Scanned user extensions: 7
[2019-03-14 18:18:14.928] [sharedprocess] [info] Scanned user extensions: 7
[2019-03-14 18:23:14.943] [sharedprocess] [info] Scanned user extensions: 7
[2019-03-14 18:28:14.954] [sharedprocess] [info] Scanned user extensions: 7
[2019-03-14 18:33:14.966] [sharedprocess] [info] Scanned user extensions: 7
[2019-03-14 18:38:14.982] [sharedprocess] [info] Scanned user extensions: 7
[2019-03-14 18:43:15.006] [sharedprocess] [info] Scanned user extensions: 7
[2019-03-14 18:48:15.021] [sharedprocess] [info] Scanned user extensions: 7
[2019-03-14 18:53:15.039] [sharedprocess] [info] Scanned user extensions: 7
[2019-03-14 18:58:15.054] [sharedprocess] [info] Scanned user extensions: 7
[2019-03-14 19:03:15.070] [sharedprocess] [info] Scanned user extensions: 7
[2019-03-14 19:08:15.128] [sharedprocess] [info] Scanned user extensions: 7
[2019-03-14 19:13:15.143] [sharedprocess] [info] Scanned user extensions: 7
[2019-03-14 19:18:15.537] [sharedprocess] [info] Scanned user extensions: 7
[2019-03-14 19:23:15.770] [sharedprocess] [info] Scanned user extensions: 7
[2019-03-14 19:28:15.787] [sharedprocess] [info] Scanned user extensions: 7
[2019-03-14 19:33:15.809] [sharedprocess] [info] Scanned user extensions: 7
[2019-03-14 19:38:15.830] [sharedprocess] [info] Scanned user extensions: 7
[2019-03-14 19:43:15.846] [sharedprocess] [info] Scanned user extensions: 7
[2019-03-14 19:48:15.898] [sharedprocess] [info] Scanned user extensions: 7
[2019-03-14 19:53:15.913] [sharedprocess] [info] Scanned user extensions: 7
[2019-03-14 19:58:15.929] [sharedprocess] [info] Scanned user extensions: 7
[2019-03-14 20:03:16.143] [sharedprocess] [info] Scanned user extensions: 7
[2019-03-14 20:08:16.266] [sharedprocess] [info] Scanned user extensions: 7
[2019-03-14 20:13:16.295] [sharedprocess] [info] Scanned user extensions: 7
[2019-03-14 20:18:16.679] [sharedprocess] [info] Scanned user extensions: 7
[2019-03-14 20:23:16.694] [sharedprocess] [info] Scanned user extensions: 7
[2019-03-14 20:28:16.709] [sharedprocess] [info] Scanned user extensions: 7
[2019-03-14 20:33:16.731] [sharedprocess] [info] Scanned user extensions: 7
[2019-03-14 20:38:16.746] [sharedprocess] [info] Scanned user extensions: 7
[2019-03-14 20:43:16.763] [sharedprocess] [info] Scanned user extensions: 7
[2019-03-14 20:48:16.778] [sharedprocess] [info] Scanned user extensions: 7
[2019-03-14 20:53:16.793] [sharedprocess] [info] Scanned user extensions: 7
[2019-03-14 20:58:16.832] [sharedprocess] [info] Scanned user extensions: 7
[2019-03-14 21:03:16.852] [sharedprocess] [info] Scanned user extensions: 7
[2019-03-14 21:08:16.870] [sharedprocess] [info] Scanned user extensions: 7
[2019-03-14 21:13:16.884] [sharedprocess] [info] Scanned user extensions: 7
[2019-03-14 21:18:17.232] [sharedprocess] [info] Scanned user extensions: 7
[2019-03-14 21:23:17.262] [sharedprocess] [info] Scanned user extensions: 7
[2019-03-14 21:28:17.281] [sharedprocess] [info] Scanned user extensions: 7
[2019-03-14 21:33:17.296] [sharedprocess] [info] Scanned user extensions: 7
[2019-03-14 21:38:17.315] [sharedprocess] [info] Scanned user extensions: 7
[2019-03-14 21:43:17.329] [sharedprocess] [info] Scanned user extensions: 7
[2019-03-14 21:48:17.347] [sharedprocess] [info] Scanned user extensions: 7
[2019-03-14 21:53:17.365] [sharedprocess] [info] Scanned user extensions: 7
[2019-03-14 21:58:17.380] [sharedprocess] [info] Scanned user extensions: 7
[2019-03-14 22:03:17.394] [sharedprocess] [info] Scanned user extensions: 7
[2019-03-14 22:08:17.413] [sharedprocess] [info] Scanned user extensions: 7
[2019-03-14 22:13:17.432] [sharedprocess] [info] Scanned user extensions: 7
[2019-03-14 22:18:17.781] [sharedprocess] [info] Scanned user extensions: 7
[2019-03-14 22:23:17.796] [sharedprocess] [info] Scanned user extensions: 7
[2019-03-14 22:28:17.811] [sharedprocess] [info] Scanned user extensions: 7
[2019-03-14 22:33:17.825] [sharedprocess] [info] Scanned user extensions: 7
[2019-03-14 22:38:17.843] [sharedprocess] [info] Scanned user extensions: 7
[2019-03-14 22:43:17.857] [sharedprocess] [info] Scanned user extensions: 7
[2019-03-14 22:48:17.873] [sharedprocess] [info] Scanned user extensions: 7
[2019-03-14 22:53:17.899] [sharedprocess] [info] Scanned user extensions: 7
[2019-03-14 22:58:17.914] [sharedprocess] [info] Scanned user extensions: 7
[2019-03-14 23:03:17.931] [sharedprocess] [info] Scanned user extensions: 7
[2019-03-14 23:08:17.947] [sharedprocess] [info] Scanned user extensions: 7
[2019-03-14 23:13:17.962] [sharedprocess] [info] Scanned user extensions: 7
[2019-03-14 23:18:18.303] [sharedprocess] [info] Scanned user extensions: 7
