Looking for git in: git
Using git 2.19.1 from git
> git rev-parse --show-toplevel
> git config --get commit.template
Open repository: /var/www/laravelapps
> git status -z -u
> git symbolic-ref --short HEAD
> git rev-parse master
> git rev-parse --symbolic-full-name master@{u}
> git rev-list --left-right master...refs/remotes/origin/master
> git for-each-ref --format %(refname) %(objectname) --sort -committerdate
> git remote --verbose
> git check-ignore -z --stdin
> git show :basicwebsite/.env
> git ls-files --stage -- basicwebsite/
> git check-ignore -z --stdin
> git show :basicwebsite/.env
> git ls-files --stage -- basicwebsite/
> git show :basicwebsite/.gitattributes
> git show :basicwebsite/.env.example
> git show :basicwebsite/.env
> git ls-files --stage -- basicwebsite/
> git show :basicwebsite/.gitignore
> git show :basicwebsite/.env
> git ls-files --stage -- basicwebsite/
> git check-ignore -z --stdin
> git check-ignore -z --stdin
> git check-ignore -z --stdin
> git check-ignore -z --stdin
> git show :basicwebsite/app/Http/Controllers/Controller.php
> git show :basicwebsite/app/Http/Controllers/PagesController.php
> git show :basicwebsite/app/Http/Controllers/MessagesController.php
