[2019-03-12 17:38:33.786] [exthost] [info] extension host started
[2019-03-12 17:38:33.809] [exthost] [info] ExtensionService#_doActivateExtension vscode.debug-auto-launch {"startup":true,"activationEvent":"*"}
[2019-03-12 17:38:33.809] [exthost] [info] ExtensionService#loadCommonJSModule /usr/share/code/resources/app/extensions/debug-auto-launch/dist/extension
[2019-03-12 17:38:33.813] [exthost] [info] ExtensionService#_doActivateExtension vscode.emmet {"startup":true,"activationEvent":"*"}
[2019-03-12 17:38:33.813] [exthost] [info] ExtensionService#loadCommonJSModule /usr/share/code/resources/app/extensions/emmet/dist/extension
[2019-03-12 17:38:33.829] [exthost] [info] ExtensionService#_doActivateExtension vscode.git {"startup":true,"activationEvent":"*"}
[2019-03-12 17:38:33.829] [exthost] [info] ExtensionService#loadCommonJSModule /usr/share/code/resources/app/extensions/git/dist/main
[2019-03-12 17:38:33.925] [exthost] [info] ExtensionService#_doActivateExtension vscode.merge-conflict {"startup":true,"activationEvent":"*"}
[2019-03-12 17:38:33.925] [exthost] [info] ExtensionService#loadCommonJSModule /usr/share/code/resources/app/extensions/merge-conflict/dist/extension
[2019-03-12 17:38:33.931] [exthost] [info] eager extensions activated
[2019-03-12 17:38:47.462] [exthost] [info] extension host started
[2019-03-12 17:38:47.478] [exthost] [info] ExtensionService#_doActivateExtension vscode.debug-auto-launch {"startup":true,"activationEvent":"*"}
[2019-03-12 17:38:47.478] [exthost] [info] ExtensionService#loadCommonJSModule /usr/share/code/resources/app/extensions/debug-auto-launch/dist/extension
[2019-03-12 17:38:47.482] [exthost] [info] ExtensionService#_doActivateExtension vscode.emmet {"startup":true,"activationEvent":"*"}
[2019-03-12 17:38:47.482] [exthost] [info] ExtensionService#loadCommonJSModule /usr/share/code/resources/app/extensions/emmet/dist/extension
[2019-03-12 17:38:47.500] [exthost] [info] ExtensionService#_doActivateExtension vscode.git {"startup":true,"activationEvent":"*"}
[2019-03-12 17:38:47.500] [exthost] [info] ExtensionService#loadCommonJSModule /usr/share/code/resources/app/extensions/git/dist/main
[2019-03-12 17:38:47.619] [exthost] [info] ExtensionService#_doActivateExtension vscode.merge-conflict {"startup":true,"activationEvent":"*"}
[2019-03-12 17:38:47.619] [exthost] [info] ExtensionService#loadCommonJSModule /usr/share/code/resources/app/extensions/merge-conflict/dist/extension
[2019-03-12 17:38:47.625] [exthost] [info] eager extensions activated
[2019-03-12 17:38:51.992] [exthost] [info] ExtensionService#_doActivateExtension vscode.typescript-language-features {"startup":false,"activationEvent":"onLanguage:javascript"}
[2019-03-12 17:38:51.993] [exthost] [info] ExtensionService#loadCommonJSModule /usr/share/code/resources/app/extensions/typescript-language-features/dist/extension
[2019-03-12 17:40:37.559] [exthost] [info] ExtensionService#_doActivateExtension vscode.extension-editing {"startup":false,"activationEvent":"onLanguage:typescript"}
[2019-03-12 17:40:37.559] [exthost] [info] ExtensionService#loadCommonJSModule /usr/share/code/resources/app/extensions/extension-editing/dist/extension
[2019-03-12 17:41:36.367] [exthost] [info] ExtensionService#_doActivateExtension octref.vetur {"startup":false,"activationEvent":"onLanguage:vue"}
[2019-03-12 17:41:36.367] [exthost] [info] ExtensionService#loadCommonJSModule /home/kobus/.vscode/extensions/octref.vetur-0.16.2/dist/client/vueMain
[2019-03-12 17:58:27.556] [exthost] [info] ExtensionService#_doActivateExtension vscode.php-language-features {"startup":false,"activationEvent":"onLanguage:php"}
[2019-03-12 17:58:27.556] [exthost] [info] ExtensionService#loadCommonJSModule /usr/share/code/resources/app/extensions/php-language-features/dist/phpMain
[2019-03-13 16:00:59.228] [exthost] [info] ExtensionService#_doActivateExtension vscode.html-language-features {"startup":false,"activationEvent":"onLanguage:html"}
[2019-03-13 16:00:59.228] [exthost] [info] ExtensionService#loadCommonJSModule /usr/share/code/resources/app/extensions/html-language-features/client/dist/htmlMain
[2019-03-13 17:28:09.823] [exthost] [info] ExtensionService#_doActivateExtension vscode.configuration-editing {"startup":false,"activationEvent":"onLanguage:jsonc"}
[2019-03-13 17:28:09.823] [exthost] [info] ExtensionService#loadCommonJSModule /usr/share/code/resources/app/extensions/configuration-editing/dist/extension
[2019-03-13 17:28:09.841] [exthost] [info] ExtensionService#_doActivateExtension vscode.json-language-features {"startup":false,"activationEvent":"onLanguage:jsonc"}
[2019-03-13 17:28:09.841] [exthost] [info] ExtensionService#loadCommonJSModule /usr/share/code/resources/app/extensions/json-language-features/client/dist/jsonMain
[2019-03-13 18:02:25.961] [exthost] [error] [vscode.typescript-language-features] provider FAILED
[2019-03-13 18:02:25.965] [exthost] [error] Error: TypeScript Server Error (3.3.1)
Error processing request. Cannot read property 'emitNode' of undefined
TypeError: Cannot read property 'emitNode' of undefined
    at Object.getCommentRange (tsserver.js:62188:29)
    at emitNodeList (tsserver.js:84762:51)
    at emitList (tsserver.js:84644:13)
    at Object.writeList (tsserver.js:82316:13)
    at tsserver.js:104760:29
    at Object.mapToDisplayParts (tsserver.js:94770:13)
    at itemInfoForParameters (tsserver.js:104757:41)
    at getSignatureHelpItem (tsserver.js:104723:95)
    at tsserver.js:104696:79
    at Array.map (<anonymous>)
    at createSignatureHelpItems (tsserver.js:104696:36)
    at tsserver.js:104368:120
    at Object.runWithCancellationToken (tsserver.js:31173:28)
    at tsserver.js:104368:44
    at Object.firstDefined (tsserver.js:238:26)
    at tsserver.js:104364:27
    at Object.firstDefined (tsserver.js:238:26)
    at createJSSignatureHelpItems (tsserver.js:104363:56)
    at Object.getSignatureHelpItems (tsserver.js:104297:56)
    at Object.getSignatureHelpItems (tsserver.js:118630:37)
    at IOSession.Session.getSignatureHelpItems (tsserver.js:126686:62)
    at Session.handlers.ts.createMapFromTemplate._a.(anonymous function) (tsserver.js:125640:61)
    at tsserver.js:127107:88
    at IOSession.Session.executeWithRequestId (tsserver.js:127098:28)
    at IOSession.Session.executeCommand (tsserver.js:127107:33)
    at IOSession.Session.onMessage (tsserver.js:127129:35)
    at Interface.<anonymous> (tsserver.js:128390:27)
    at Interface.emit (events.js:182:13)
    at Interface._onLine (readline.js:290:10)
    at Interface._normalWrite (readline.js:433:12)
    at Socket.ondata (readline.js:149:10)
    at Socket.emit (events.js:182:13)
    at addChunk (_stream_readable.js:279:12)
    at readableAddChunk (_stream_readable.js:264:11)
    at Socket.Readable.push (_stream_readable.js:219:10)
    at Pipe.onread (net.js:636:20)
	at v.dispatchResponse (/usr/share/code/resources/app/extensions/typescript-language-features/dist/extension.js:1:178103)
	at v.dispatchMessage (/usr/share/code/resources/app/extensions/typescript-language-features/dist/extension.js:1:176857)
	at constructor._reader.onData.e (/usr/share/code/resources/app/extensions/typescript-language-features/dist/extension.js:1:176213)
	at e.fire (/usr/share/code/resources/app/out/vs/workbench/services/extensions/node/extensionHostProcess.js:44:113)
	at t.Reader.onLengthData (/usr/share/code/resources/app/extensions/typescript-language-features/dist/extension.js:1:182286)
	at Socket.t.Reader.constructor.e.on.e (/usr/share/code/resources/app/extensions/typescript-language-features/dist/extension.js:1:181934)
	at Socket.emit (events.js:182:13)
	at addChunk (_stream_readable.js:279:12)
	at readableAddChunk (_stream_readable.js:264:11)
	at Socket.Readable.push (_stream_readable.js:219:10)
	at Pipe.onread (net.js:636:20)
[2019-03-13 18:02:26.096] [exthost] [error] [vscode.typescript-language-features] provider FAILED
[2019-03-13 18:02:26.096] [exthost] [error] Error: TypeScript Server Error (3.3.1)
Error processing request. Cannot read property 'emitNode' of undefined
TypeError: Cannot read property 'emitNode' of undefined
    at Object.getCommentRange (tsserver.js:62188:29)
    at emitNodeList (tsserver.js:84762:51)
    at emitList (tsserver.js:84644:13)
    at Object.writeList (tsserver.js:82316:13)
    at tsserver.js:104760:29
    at Object.mapToDisplayParts (tsserver.js:94770:13)
    at itemInfoForParameters (tsserver.js:104757:41)
    at getSignatureHelpItem (tsserver.js:104723:95)
    at tsserver.js:104696:79
    at Array.map (<anonymous>)
    at createSignatureHelpItems (tsserver.js:104696:36)
    at tsserver.js:104368:120
    at Object.runWithCancellationToken (tsserver.js:31173:28)
    at tsserver.js:104368:44
    at Object.firstDefined (tsserver.js:238:26)
    at tsserver.js:104364:27
    at Object.firstDefined (tsserver.js:238:26)
    at createJSSignatureHelpItems (tsserver.js:104363:56)
    at Object.getSignatureHelpItems (tsserver.js:104297:56)
    at Object.getSignatureHelpItems (tsserver.js:118630:37)
    at IOSession.Session.getSignatureHelpItems (tsserver.js:126686:62)
    at Session.handlers.ts.createMapFromTemplate._a.(anonymous function) (tsserver.js:125640:61)
    at tsserver.js:127107:88
    at IOSession.Session.executeWithRequestId (tsserver.js:127098:28)
    at IOSession.Session.executeCommand (tsserver.js:127107:33)
    at IOSession.Session.onMessage (tsserver.js:127129:35)
    at Interface.<anonymous> (tsserver.js:128390:27)
    at Interface.emit (events.js:182:13)
    at Interface._onLine (readline.js:290:10)
    at Interface._normalWrite (readline.js:433:12)
    at Socket.ondata (readline.js:149:10)
    at Socket.emit (events.js:182:13)
    at addChunk (_stream_readable.js:279:12)
    at readableAddChunk (_stream_readable.js:264:11)
    at Socket.Readable.push (_stream_readable.js:219:10)
    at Pipe.onread (net.js:636:20)
	at v.dispatchResponse (/usr/share/code/resources/app/extensions/typescript-language-features/dist/extension.js:1:178103)
	at v.dispatchMessage (/usr/share/code/resources/app/extensions/typescript-language-features/dist/extension.js:1:176857)
	at constructor._reader.onData.e (/usr/share/code/resources/app/extensions/typescript-language-features/dist/extension.js:1:176213)
	at e.fire (/usr/share/code/resources/app/out/vs/workbench/services/extensions/node/extensionHostProcess.js:44:113)
	at t.Reader.onLengthData (/usr/share/code/resources/app/extensions/typescript-language-features/dist/extension.js:1:182286)
	at Socket.t.Reader.constructor.e.on.e (/usr/share/code/resources/app/extensions/typescript-language-features/dist/extension.js:1:181934)
	at Socket.emit (events.js:182:13)
	at addChunk (_stream_readable.js:279:12)
	at readableAddChunk (_stream_readable.js:264:11)
	at Socket.Readable.push (_stream_readable.js:219:10)
	at Pipe.onread (net.js:636:20)
[2019-03-13 18:02:33.998] [exthost] [error] [vscode.typescript-language-features] provider FAILED
[2019-03-13 18:02:33.999] [exthost] [error] Error: TypeScript Server Error (3.3.1)
Error processing request. Cannot read property 'emitNode' of undefined
TypeError: Cannot read property 'emitNode' of undefined
    at Object.getCommentRange (tsserver.js:62188:29)
    at emitNodeList (tsserver.js:84762:51)
    at emitList (tsserver.js:84644:13)
    at Object.writeList (tsserver.js:82316:13)
    at tsserver.js:104760:29
    at Object.mapToDisplayParts (tsserver.js:94770:13)
    at itemInfoForParameters (tsserver.js:104757:41)
    at getSignatureHelpItem (tsserver.js:104723:95)
    at tsserver.js:104696:79
    at Array.map (<anonymous>)
    at createSignatureHelpItems (tsserver.js:104696:36)
    at tsserver.js:104368:120
    at Object.runWithCancellationToken (tsserver.js:31173:28)
    at tsserver.js:104368:44
    at Object.firstDefined (tsserver.js:238:26)
    at tsserver.js:104364:27
    at Object.firstDefined (tsserver.js:238:26)
    at createJSSignatureHelpItems (tsserver.js:104363:56)
    at Object.getSignatureHelpItems (tsserver.js:104297:56)
    at Object.getSignatureHelpItems (tsserver.js:118630:37)
    at IOSession.Session.getSignatureHelpItems (tsserver.js:126686:62)
    at Session.handlers.ts.createMapFromTemplate._a.(anonymous function) (tsserver.js:125640:61)
    at tsserver.js:127107:88
    at IOSession.Session.executeWithRequestId (tsserver.js:127098:28)
    at IOSession.Session.executeCommand (tsserver.js:127107:33)
    at IOSession.Session.onMessage (tsserver.js:127129:35)
    at Interface.<anonymous> (tsserver.js:128390:27)
    at Interface.emit (events.js:182:13)
    at Interface._onLine (readline.js:290:10)
    at Interface._normalWrite (readline.js:433:12)
    at Socket.ondata (readline.js:149:10)
    at Socket.emit (events.js:182:13)
    at addChunk (_stream_readable.js:279:12)
    at readableAddChunk (_stream_readable.js:264:11)
    at Socket.Readable.push (_stream_readable.js:219:10)
    at Pipe.onread (net.js:636:20)
	at v.dispatchResponse (/usr/share/code/resources/app/extensions/typescript-language-features/dist/extension.js:1:178103)
	at v.dispatchMessage (/usr/share/code/resources/app/extensions/typescript-language-features/dist/extension.js:1:176857)
	at constructor._reader.onData.e (/usr/share/code/resources/app/extensions/typescript-language-features/dist/extension.js:1:176213)
	at e.fire (/usr/share/code/resources/app/out/vs/workbench/services/extensions/node/extensionHostProcess.js:44:113)
	at t.Reader.onLengthData (/usr/share/code/resources/app/extensions/typescript-language-features/dist/extension.js:1:182286)
	at Socket.t.Reader.constructor.e.on.e (/usr/share/code/resources/app/extensions/typescript-language-features/dist/extension.js:1:181934)
	at Socket.emit (events.js:182:13)
	at addChunk (_stream_readable.js:279:12)
	at readableAddChunk (_stream_readable.js:264:11)
	at Socket.Readable.push (_stream_readable.js:219:10)
	at Pipe.onread (net.js:636:20)
[2019-03-13 18:42:51.270] [exthost] [error] [vscode.typescript-language-features] provider FAILED
[2019-03-13 18:42:51.270] [exthost] [error] Error: TypeScript Server Error (3.3.1)
Error processing request. Cannot read property 'emitNode' of undefined
TypeError: Cannot read property 'emitNode' of undefined
    at Object.getCommentRange (tsserver.js:62188:29)
    at emitNodeList (tsserver.js:84762:51)
    at emitList (tsserver.js:84644:13)
    at Object.writeList (tsserver.js:82316:13)
    at tsserver.js:104760:29
    at Object.mapToDisplayParts (tsserver.js:94770:13)
    at itemInfoForParameters (tsserver.js:104757:41)
    at getSignatureHelpItem (tsserver.js:104723:95)
    at tsserver.js:104696:79
    at Array.map (<anonymous>)
    at createSignatureHelpItems (tsserver.js:104696:36)
    at tsserver.js:104368:120
    at Object.runWithCancellationToken (tsserver.js:31173:28)
    at tsserver.js:104368:44
    at Object.firstDefined (tsserver.js:238:26)
    at tsserver.js:104364:27
    at Object.firstDefined (tsserver.js:238:26)
    at createJSSignatureHelpItems (tsserver.js:104363:56)
    at Object.getSignatureHelpItems (tsserver.js:104297:56)
    at Object.getSignatureHelpItems (tsserver.js:118630:37)
    at IOSession.Session.getSignatureHelpItems (tsserver.js:126686:62)
    at Session.handlers.ts.createMapFromTemplate._a.(anonymous function) (tsserver.js:125640:61)
    at tsserver.js:127107:88
    at IOSession.Session.executeWithRequestId (tsserver.js:127098:28)
    at IOSession.Session.executeCommand (tsserver.js:127107:33)
    at IOSession.Session.onMessage (tsserver.js:127129:35)
    at Interface.<anonymous> (tsserver.js:128390:27)
    at Interface.emit (events.js:182:13)
    at Interface._onLine (readline.js:290:10)
    at Interface._normalWrite (readline.js:433:12)
    at Socket.ondata (readline.js:149:10)
    at Socket.emit (events.js:182:13)
    at addChunk (_stream_readable.js:279:12)
    at readableAddChunk (_stream_readable.js:264:11)
    at Socket.Readable.push (_stream_readable.js:219:10)
    at Pipe.onread (net.js:636:20)
	at v.dispatchResponse (/usr/share/code/resources/app/extensions/typescript-language-features/dist/extension.js:1:178103)
	at v.dispatchMessage (/usr/share/code/resources/app/extensions/typescript-language-features/dist/extension.js:1:176857)
	at constructor._reader.onData.e (/usr/share/code/resources/app/extensions/typescript-language-features/dist/extension.js:1:176213)
	at e.fire (/usr/share/code/resources/app/out/vs/workbench/services/extensions/node/extensionHostProcess.js:44:113)
	at t.Reader.onLengthData (/usr/share/code/resources/app/extensions/typescript-language-features/dist/extension.js:1:182286)
	at Socket.t.Reader.constructor.e.on.e (/usr/share/code/resources/app/extensions/typescript-language-features/dist/extension.js:1:181934)
	at Socket.emit (events.js:182:13)
	at addChunk (_stream_readable.js:279:12)
	at readableAddChunk (_stream_readable.js:264:11)
	at Socket.Readable.push (_stream_readable.js:219:10)
	at Pipe.onread (net.js:636:20)
[2019-03-13 18:42:52.893] [exthost] [error] [vscode.typescript-language-features] provider FAILED
[2019-03-13 18:42:52.894] [exthost] [error] Error: TypeScript Server Error (3.3.1)
Error processing request. Cannot read property 'emitNode' of undefined
TypeError: Cannot read property 'emitNode' of undefined
    at Object.getCommentRange (tsserver.js:62188:29)
    at emitNodeList (tsserver.js:84762:51)
    at emitList (tsserver.js:84644:13)
    at Object.writeList (tsserver.js:82316:13)
    at tsserver.js:104760:29
    at Object.mapToDisplayParts (tsserver.js:94770:13)
    at itemInfoForParameters (tsserver.js:104757:41)
    at getSignatureHelpItem (tsserver.js:104723:95)
    at tsserver.js:104696:79
    at Array.map (<anonymous>)
    at createSignatureHelpItems (tsserver.js:104696:36)
    at tsserver.js:104368:120
    at Object.runWithCancellationToken (tsserver.js:31173:28)
    at tsserver.js:104368:44
    at Object.firstDefined (tsserver.js:238:26)
    at tsserver.js:104364:27
    at Object.firstDefined (tsserver.js:238:26)
    at createJSSignatureHelpItems (tsserver.js:104363:56)
    at Object.getSignatureHelpItems (tsserver.js:104297:56)
    at Object.getSignatureHelpItems (tsserver.js:118630:37)
    at IOSession.Session.getSignatureHelpItems (tsserver.js:126686:62)
    at Session.handlers.ts.createMapFromTemplate._a.(anonymous function) (tsserver.js:125640:61)
    at tsserver.js:127107:88
    at IOSession.Session.executeWithRequestId (tsserver.js:127098:28)
    at IOSession.Session.executeCommand (tsserver.js:127107:33)
    at IOSession.Session.onMessage (tsserver.js:127129:35)
    at Interface.<anonymous> (tsserver.js:128390:27)
    at Interface.emit (events.js:182:13)
    at Interface._onLine (readline.js:290:10)
    at Interface._normalWrite (readline.js:433:12)
    at Socket.ondata (readline.js:149:10)
    at Socket.emit (events.js:182:13)
    at addChunk (_stream_readable.js:279:12)
    at readableAddChunk (_stream_readable.js:264:11)
    at Socket.Readable.push (_stream_readable.js:219:10)
    at Pipe.onread (net.js:636:20)
	at v.dispatchResponse (/usr/share/code/resources/app/extensions/typescript-language-features/dist/extension.js:1:178103)
	at v.dispatchMessage (/usr/share/code/resources/app/extensions/typescript-language-features/dist/extension.js:1:176857)
	at constructor._reader.onData.e (/usr/share/code/resources/app/extensions/typescript-language-features/dist/extension.js:1:176213)
	at e.fire (/usr/share/code/resources/app/out/vs/workbench/services/extensions/node/extensionHostProcess.js:44:113)
	at t.Reader.onLengthData (/usr/share/code/resources/app/extensions/typescript-language-features/dist/extension.js:1:182286)
	at Socket.t.Reader.constructor.e.on.e (/usr/share/code/resources/app/extensions/typescript-language-features/dist/extension.js:1:181934)
	at Socket.emit (events.js:182:13)
	at addChunk (_stream_readable.js:279:12)
	at readableAddChunk (_stream_readable.js:264:11)
	at Socket.Readable.push (_stream_readable.js:219:10)
	at Pipe.onread (net.js:636:20)
[2019-03-13 18:42:53.022] [exthost] [error] [vscode.typescript-language-features] provider FAILED
[2019-03-13 18:42:53.022] [exthost] [error] Error: TypeScript Server Error (3.3.1)
Error processing request. Cannot read property 'emitNode' of undefined
TypeError: Cannot read property 'emitNode' of undefined
    at Object.getCommentRange (tsserver.js:62188:29)
    at emitNodeList (tsserver.js:84762:51)
    at emitList (tsserver.js:84644:13)
    at Object.writeList (tsserver.js:82316:13)
    at tsserver.js:104760:29
    at Object.mapToDisplayParts (tsserver.js:94770:13)
    at itemInfoForParameters (tsserver.js:104757:41)
    at getSignatureHelpItem (tsserver.js:104723:95)
    at tsserver.js:104696:79
    at Array.map (<anonymous>)
    at createSignatureHelpItems (tsserver.js:104696:36)
    at tsserver.js:104368:120
    at Object.runWithCancellationToken (tsserver.js:31173:28)
    at tsserver.js:104368:44
    at Object.firstDefined (tsserver.js:238:26)
    at tsserver.js:104364:27
    at Object.firstDefined (tsserver.js:238:26)
    at createJSSignatureHelpItems (tsserver.js:104363:56)
    at Object.getSignatureHelpItems (tsserver.js:104297:56)
    at Object.getSignatureHelpItems (tsserver.js:118630:37)
    at IOSession.Session.getSignatureHelpItems (tsserver.js:126686:62)
    at Session.handlers.ts.createMapFromTemplate._a.(anonymous function) (tsserver.js:125640:61)
    at tsserver.js:127107:88
    at IOSession.Session.executeWithRequestId (tsserver.js:127098:28)
    at IOSession.Session.executeCommand (tsserver.js:127107:33)
    at IOSession.Session.onMessage (tsserver.js:127129:35)
    at Interface.<anonymous> (tsserver.js:128390:27)
    at Interface.emit (events.js:182:13)
    at Interface._onLine (readline.js:290:10)
    at Interface._normalWrite (readline.js:433:12)
    at Socket.ondata (readline.js:149:10)
    at Socket.emit (events.js:182:13)
    at addChunk (_stream_readable.js:279:12)
    at readableAddChunk (_stream_readable.js:264:11)
    at Socket.Readable.push (_stream_readable.js:219:10)
    at Pipe.onread (net.js:636:20)
	at v.dispatchResponse (/usr/share/code/resources/app/extensions/typescript-language-features/dist/extension.js:1:178103)
	at v.dispatchMessage (/usr/share/code/resources/app/extensions/typescript-language-features/dist/extension.js:1:176857)
	at constructor._reader.onData.e (/usr/share/code/resources/app/extensions/typescript-language-features/dist/extension.js:1:176213)
	at e.fire (/usr/share/code/resources/app/out/vs/workbench/services/extensions/node/extensionHostProcess.js:44:113)
	at t.Reader.onLengthData (/usr/share/code/resources/app/extensions/typescript-language-features/dist/extension.js:1:182286)
	at Socket.t.Reader.constructor.e.on.e (/usr/share/code/resources/app/extensions/typescript-language-features/dist/extension.js:1:181934)
	at Socket.emit (events.js:182:13)
	at addChunk (_stream_readable.js:279:12)
	at readableAddChunk (_stream_readable.js:264:11)
	at Socket.Readable.push (_stream_readable.js:219:10)
	at Pipe.onread (net.js:636:20)
[2019-03-14 17:13:10.469] [exthost] [error] [vscode.typescript-language-features] provider FAILED
[2019-03-14 17:13:10.470] [exthost] [error] Error: TypeScript Server Error (3.3.1)
Error processing request. Cannot read property 'emitNode' of undefined
TypeError: Cannot read property 'emitNode' of undefined
    at Object.getCommentRange (tsserver.js:62188:29)
    at emitNodeList (tsserver.js:84762:51)
    at emitList (tsserver.js:84644:13)
    at Object.writeList (tsserver.js:82316:13)
    at tsserver.js:104760:29
    at Object.mapToDisplayParts (tsserver.js:94770:13)
    at itemInfoForParameters (tsserver.js:104757:41)
    at getSignatureHelpItem (tsserver.js:104723:95)
    at tsserver.js:104696:79
    at Array.map (<anonymous>)
    at createSignatureHelpItems (tsserver.js:104696:36)
    at tsserver.js:104368:120
    at Object.runWithCancellationToken (tsserver.js:31173:28)
    at tsserver.js:104368:44
    at Object.firstDefined (tsserver.js:238:26)
    at tsserver.js:104364:27
    at Object.firstDefined (tsserver.js:238:26)
    at createJSSignatureHelpItems (tsserver.js:104363:56)
    at Object.getSignatureHelpItems (tsserver.js:104297:56)
    at Object.getSignatureHelpItems (tsserver.js:118630:37)
    at IOSession.Session.getSignatureHelpItems (tsserver.js:126686:62)
    at Session.handlers.ts.createMapFromTemplate._a.(anonymous function) (tsserver.js:125640:61)
    at tsserver.js:127107:88
    at IOSession.Session.executeWithRequestId (tsserver.js:127098:28)
    at IOSession.Session.executeCommand (tsserver.js:127107:33)
    at IOSession.Session.onMessage (tsserver.js:127129:35)
    at Interface.<anonymous> (tsserver.js:128390:27)
    at Interface.emit (events.js:182:13)
    at Interface._onLine (readline.js:290:10)
    at Interface._normalWrite (readline.js:433:12)
    at Socket.ondata (readline.js:149:10)
    at Socket.emit (events.js:182:13)
    at addChunk (_stream_readable.js:279:12)
    at readableAddChunk (_stream_readable.js:264:11)
    at Socket.Readable.push (_stream_readable.js:219:10)
    at Pipe.onread (net.js:636:20)
	at v.dispatchResponse (/usr/share/code/resources/app/extensions/typescript-language-features/dist/extension.js:1:178103)
	at v.dispatchMessage (/usr/share/code/resources/app/extensions/typescript-language-features/dist/extension.js:1:176857)
	at constructor._reader.onData.e (/usr/share/code/resources/app/extensions/typescript-language-features/dist/extension.js:1:176213)
	at e.fire (/usr/share/code/resources/app/out/vs/workbench/services/extensions/node/extensionHostProcess.js:44:113)
	at t.Reader.onLengthData (/usr/share/code/resources/app/extensions/typescript-language-features/dist/extension.js:1:182286)
	at Socket.t.Reader.constructor.e.on.e (/usr/share/code/resources/app/extensions/typescript-language-features/dist/extension.js:1:181934)
	at Socket.emit (events.js:182:13)
	at addChunk (_stream_readable.js:279:12)
	at readableAddChunk (_stream_readable.js:264:11)
	at Socket.Readable.push (_stream_readable.js:219:10)
	at Pipe.onread (net.js:636:20)
[2019-03-14 17:13:15.493] [exthost] [error] [vscode.typescript-language-features] provider FAILED
[2019-03-14 17:13:15.493] [exthost] [error] Error: TypeScript Server Error (3.3.1)
Error processing request. Cannot read property 'emitNode' of undefined
TypeError: Cannot read property 'emitNode' of undefined
    at Object.getCommentRange (tsserver.js:62188:29)
    at emitNodeList (tsserver.js:84762:51)
    at emitList (tsserver.js:84644:13)
    at Object.writeList (tsserver.js:82316:13)
    at tsserver.js:104760:29
    at Object.mapToDisplayParts (tsserver.js:94770:13)
    at itemInfoForParameters (tsserver.js:104757:41)
    at getSignatureHelpItem (tsserver.js:104723:95)
    at tsserver.js:104696:79
    at Array.map (<anonymous>)
    at createSignatureHelpItems (tsserver.js:104696:36)
    at tsserver.js:104368:120
    at Object.runWithCancellationToken (tsserver.js:31173:28)
    at tsserver.js:104368:44
    at Object.firstDefined (tsserver.js:238:26)
    at tsserver.js:104364:27
    at Object.firstDefined (tsserver.js:238:26)
    at createJSSignatureHelpItems (tsserver.js:104363:56)
    at Object.getSignatureHelpItems (tsserver.js:104297:56)
    at Object.getSignatureHelpItems (tsserver.js:118630:37)
    at IOSession.Session.getSignatureHelpItems (tsserver.js:126686:62)
    at Session.handlers.ts.createMapFromTemplate._a.(anonymous function) (tsserver.js:125640:61)
    at tsserver.js:127107:88
    at IOSession.Session.executeWithRequestId (tsserver.js:127098:28)
    at IOSession.Session.executeCommand (tsserver.js:127107:33)
    at IOSession.Session.onMessage (tsserver.js:127129:35)
    at Interface.<anonymous> (tsserver.js:128390:27)
    at Interface.emit (events.js:182:13)
    at Interface._onLine (readline.js:290:10)
    at Interface._normalWrite (readline.js:433:12)
    at Socket.ondata (readline.js:149:10)
    at Socket.emit (events.js:182:13)
    at addChunk (_stream_readable.js:279:12)
    at readableAddChunk (_stream_readable.js:264:11)
    at Socket.Readable.push (_stream_readable.js:219:10)
    at Pipe.onread (net.js:636:20)
	at v.dispatchResponse (/usr/share/code/resources/app/extensions/typescript-language-features/dist/extension.js:1:178103)
	at v.dispatchMessage (/usr/share/code/resources/app/extensions/typescript-language-features/dist/extension.js:1:176857)
	at constructor._reader.onData.e (/usr/share/code/resources/app/extensions/typescript-language-features/dist/extension.js:1:176213)
	at e.fire (/usr/share/code/resources/app/out/vs/workbench/services/extensions/node/extensionHostProcess.js:44:113)
	at t.Reader.onLengthData (/usr/share/code/resources/app/extensions/typescript-language-features/dist/extension.js:1:182286)
	at Socket.t.Reader.constructor.e.on.e (/usr/share/code/resources/app/extensions/typescript-language-features/dist/extension.js:1:181934)
	at Socket.emit (events.js:182:13)
	at addChunk (_stream_readable.js:279:12)
	at readableAddChunk (_stream_readable.js:264:11)
	at Socket.Readable.push (_stream_readable.js:219:10)
	at Pipe.onread (net.js:636:20)
[2019-03-14 17:14:52.844] [exthost] [error] [vscode.typescript-language-features] provider FAILED
[2019-03-14 17:14:52.844] [exthost] [error] Error: TypeScript Server Error (3.3.1)
Error processing request. Cannot read property 'emitNode' of undefined
TypeError: Cannot read property 'emitNode' of undefined
    at Object.getCommentRange (tsserver.js:62188:29)
    at emitNodeList (tsserver.js:84762:51)
    at emitList (tsserver.js:84644:13)
    at Object.writeList (tsserver.js:82316:13)
    at tsserver.js:104760:29
    at Object.mapToDisplayParts (tsserver.js:94770:13)
    at itemInfoForParameters (tsserver.js:104757:41)
    at getSignatureHelpItem (tsserver.js:104723:95)
    at tsserver.js:104696:79
    at Array.map (<anonymous>)
    at createSignatureHelpItems (tsserver.js:104696:36)
    at tsserver.js:104368:120
    at Object.runWithCancellationToken (tsserver.js:31173:28)
    at tsserver.js:104368:44
    at Object.firstDefined (tsserver.js:238:26)
    at tsserver.js:104364:27
    at Object.firstDefined (tsserver.js:238:26)
    at createJSSignatureHelpItems (tsserver.js:104363:56)
    at Object.getSignatureHelpItems (tsserver.js:104297:56)
    at Object.getSignatureHelpItems (tsserver.js:118630:37)
    at IOSession.Session.getSignatureHelpItems (tsserver.js:126686:62)
    at Session.handlers.ts.createMapFromTemplate._a.(anonymous function) (tsserver.js:125640:61)
    at tsserver.js:127107:88
    at IOSession.Session.executeWithRequestId (tsserver.js:127098:28)
    at IOSession.Session.executeCommand (tsserver.js:127107:33)
    at IOSession.Session.onMessage (tsserver.js:127129:35)
    at Interface.<anonymous> (tsserver.js:128390:27)
    at Interface.emit (events.js:182:13)
    at Interface._onLine (readline.js:290:10)
    at Interface._normalWrite (readline.js:433:12)
    at Socket.ondata (readline.js:149:10)
    at Socket.emit (events.js:182:13)
    at addChunk (_stream_readable.js:279:12)
    at readableAddChunk (_stream_readable.js:264:11)
    at Socket.Readable.push (_stream_readable.js:219:10)
    at Pipe.onread (net.js:636:20)
	at v.dispatchResponse (/usr/share/code/resources/app/extensions/typescript-language-features/dist/extension.js:1:178103)
	at v.dispatchMessage (/usr/share/code/resources/app/extensions/typescript-language-features/dist/extension.js:1:176857)
	at constructor._reader.onData.e (/usr/share/code/resources/app/extensions/typescript-language-features/dist/extension.js:1:176213)
	at e.fire (/usr/share/code/resources/app/out/vs/workbench/services/extensions/node/extensionHostProcess.js:44:113)
	at t.Reader.onLengthData (/usr/share/code/resources/app/extensions/typescript-language-features/dist/extension.js:1:182286)
	at Socket.t.Reader.constructor.e.on.e (/usr/share/code/resources/app/extensions/typescript-language-features/dist/extension.js:1:181934)
	at Socket.emit (events.js:182:13)
	at addChunk (_stream_readable.js:279:12)
	at readableAddChunk (_stream_readable.js:264:11)
	at Socket.Readable.push (_stream_readable.js:219:10)
	at Pipe.onread (net.js:636:20)
[2019-03-14 17:14:54.012] [exthost] [error] [vscode.typescript-language-features] provider FAILED
[2019-03-14 17:14:54.012] [exthost] [error] Error: TypeScript Server Error (3.3.1)
Error processing request. Cannot read property 'emitNode' of undefined
TypeError: Cannot read property 'emitNode' of undefined
    at Object.getCommentRange (tsserver.js:62188:29)
    at emitNodeList (tsserver.js:84762:51)
    at emitList (tsserver.js:84644:13)
    at Object.writeList (tsserver.js:82316:13)
    at tsserver.js:104760:29
    at Object.mapToDisplayParts (tsserver.js:94770:13)
    at itemInfoForParameters (tsserver.js:104757:41)
    at getSignatureHelpItem (tsserver.js:104723:95)
    at tsserver.js:104696:79
    at Array.map (<anonymous>)
    at createSignatureHelpItems (tsserver.js:104696:36)
    at tsserver.js:104368:120
    at Object.runWithCancellationToken (tsserver.js:31173:28)
    at tsserver.js:104368:44
    at Object.firstDefined (tsserver.js:238:26)
    at tsserver.js:104364:27
    at Object.firstDefined (tsserver.js:238:26)
    at createJSSignatureHelpItems (tsserver.js:104363:56)
    at Object.getSignatureHelpItems (tsserver.js:104297:56)
    at Object.getSignatureHelpItems (tsserver.js:118630:37)
    at IOSession.Session.getSignatureHelpItems (tsserver.js:126686:62)
    at Session.handlers.ts.createMapFromTemplate._a.(anonymous function) (tsserver.js:125640:61)
    at tsserver.js:127107:88
    at IOSession.Session.executeWithRequestId (tsserver.js:127098:28)
    at IOSession.Session.executeCommand (tsserver.js:127107:33)
    at IOSession.Session.onMessage (tsserver.js:127129:35)
    at Interface.<anonymous> (tsserver.js:128390:27)
    at Interface.emit (events.js:182:13)
    at Interface._onLine (readline.js:290:10)
    at Interface._normalWrite (readline.js:433:12)
    at Socket.ondata (readline.js:149:10)
    at Socket.emit (events.js:182:13)
    at addChunk (_stream_readable.js:279:12)
    at readableAddChunk (_stream_readable.js:264:11)
    at Socket.Readable.push (_stream_readable.js:219:10)
    at Pipe.onread (net.js:636:20)
	at v.dispatchResponse (/usr/share/code/resources/app/extensions/typescript-language-features/dist/extension.js:1:178103)
	at v.dispatchMessage (/usr/share/code/resources/app/extensions/typescript-language-features/dist/extension.js:1:176857)
	at constructor._reader.onData.e (/usr/share/code/resources/app/extensions/typescript-language-features/dist/extension.js:1:176213)
	at e.fire (/usr/share/code/resources/app/out/vs/workbench/services/extensions/node/extensionHostProcess.js:44:113)
	at t.Reader.onLengthData (/usr/share/code/resources/app/extensions/typescript-language-features/dist/extension.js:1:182286)
	at Socket.t.Reader.constructor.e.on.e (/usr/share/code/resources/app/extensions/typescript-language-features/dist/extension.js:1:181934)
	at Socket.emit (events.js:182:13)
	at addChunk (_stream_readable.js:279:12)
	at readableAddChunk (_stream_readable.js:264:11)
	at Socket.Readable.push (_stream_readable.js:219:10)
	at Pipe.onread (net.js:636:20)
[2019-03-14 17:31:50.173] [exthost] [error] [vscode.typescript-language-features] provider FAILED
[2019-03-14 17:31:50.174] [exthost] [error] Error: TypeScript Server Error (3.3.1)
Error processing request. Cannot read property 'emitNode' of undefined
TypeError: Cannot read property 'emitNode' of undefined
    at Object.getCommentRange (tsserver.js:62188:29)
    at emitNodeList (tsserver.js:84762:51)
    at emitList (tsserver.js:84644:13)
    at Object.writeList (tsserver.js:82316:13)
    at tsserver.js:104760:29
    at Object.mapToDisplayParts (tsserver.js:94770:13)
    at itemInfoForParameters (tsserver.js:104757:41)
    at getSignatureHelpItem (tsserver.js:104723:95)
    at tsserver.js:104696:79
    at Array.map (<anonymous>)
    at createSignatureHelpItems (tsserver.js:104696:36)
    at tsserver.js:104368:120
    at Object.runWithCancellationToken (tsserver.js:31173:28)
    at tsserver.js:104368:44
    at Object.firstDefined (tsserver.js:238:26)
    at tsserver.js:104364:27
    at Object.firstDefined (tsserver.js:238:26)
    at createJSSignatureHelpItems (tsserver.js:104363:56)
    at Object.getSignatureHelpItems (tsserver.js:104297:56)
    at Object.getSignatureHelpItems (tsserver.js:118630:37)
    at IOSession.Session.getSignatureHelpItems (tsserver.js:126686:62)
    at Session.handlers.ts.createMapFromTemplate._a.(anonymous function) (tsserver.js:125640:61)
    at tsserver.js:127107:88
    at IOSession.Session.executeWithRequestId (tsserver.js:127098:28)
    at IOSession.Session.executeCommand (tsserver.js:127107:33)
    at IOSession.Session.onMessage (tsserver.js:127129:35)
    at Interface.<anonymous> (tsserver.js:128390:27)
    at Interface.emit (events.js:182:13)
    at Interface._onLine (readline.js:290:10)
    at Interface._normalWrite (readline.js:433:12)
    at Socket.ondata (readline.js:149:10)
    at Socket.emit (events.js:182:13)
    at addChunk (_stream_readable.js:279:12)
    at readableAddChunk (_stream_readable.js:264:11)
    at Socket.Readable.push (_stream_readable.js:219:10)
    at Pipe.onread (net.js:636:20)
	at v.dispatchResponse (/usr/share/code/resources/app/extensions/typescript-language-features/dist/extension.js:1:178103)
	at v.dispatchMessage (/usr/share/code/resources/app/extensions/typescript-language-features/dist/extension.js:1:176857)
	at constructor._reader.onData.e (/usr/share/code/resources/app/extensions/typescript-language-features/dist/extension.js:1:176213)
	at e.fire (/usr/share/code/resources/app/out/vs/workbench/services/extensions/node/extensionHostProcess.js:44:113)
	at t.Reader.onLengthData (/usr/share/code/resources/app/extensions/typescript-language-features/dist/extension.js:1:182286)
	at Socket.t.Reader.constructor.e.on.e (/usr/share/code/resources/app/extensions/typescript-language-features/dist/extension.js:1:181934)
	at Socket.emit (events.js:182:13)
	at addChunk (_stream_readable.js:279:12)
	at readableAddChunk (_stream_readable.js:264:11)
	at Socket.Readable.push (_stream_readable.js:219:10)
	at Pipe.onread (net.js:636:20)
[2019-03-14 17:31:52.735] [exthost] [error] [vscode.typescript-language-features] provider FAILED
[2019-03-14 17:31:52.736] [exthost] [error] Error: TypeScript Server Error (3.3.1)
Error processing request. Cannot read property 'emitNode' of undefined
TypeError: Cannot read property 'emitNode' of undefined
    at Object.getCommentRange (tsserver.js:62188:29)
    at emitNodeList (tsserver.js:84762:51)
    at emitList (tsserver.js:84644:13)
    at Object.writeList (tsserver.js:82316:13)
    at tsserver.js:104760:29
    at Object.mapToDisplayParts (tsserver.js:94770:13)
    at itemInfoForParameters (tsserver.js:104757:41)
    at getSignatureHelpItem (tsserver.js:104723:95)
    at tsserver.js:104696:79
    at Array.map (<anonymous>)
    at createSignatureHelpItems (tsserver.js:104696:36)
    at tsserver.js:104368:120
    at Object.runWithCancellationToken (tsserver.js:31173:28)
    at tsserver.js:104368:44
    at Object.firstDefined (tsserver.js:238:26)
    at tsserver.js:104364:27
    at Object.firstDefined (tsserver.js:238:26)
    at createJSSignatureHelpItems (tsserver.js:104363:56)
    at Object.getSignatureHelpItems (tsserver.js:104297:56)
    at Object.getSignatureHelpItems (tsserver.js:118630:37)
    at IOSession.Session.getSignatureHelpItems (tsserver.js:126686:62)
    at Session.handlers.ts.createMapFromTemplate._a.(anonymous function) (tsserver.js:125640:61)
    at tsserver.js:127107:88
    at IOSession.Session.executeWithRequestId (tsserver.js:127098:28)
    at IOSession.Session.executeCommand (tsserver.js:127107:33)
    at IOSession.Session.onMessage (tsserver.js:127129:35)
    at Interface.<anonymous> (tsserver.js:128390:27)
    at Interface.emit (events.js:182:13)
    at Interface._onLine (readline.js:290:10)
    at Interface._normalWrite (readline.js:433:12)
    at Socket.ondata (readline.js:149:10)
    at Socket.emit (events.js:182:13)
    at addChunk (_stream_readable.js:279:12)
    at readableAddChunk (_stream_readable.js:264:11)
    at Socket.Readable.push (_stream_readable.js:219:10)
    at Pipe.onread (net.js:636:20)
	at v.dispatchResponse (/usr/share/code/resources/app/extensions/typescript-language-features/dist/extension.js:1:178103)
	at v.dispatchMessage (/usr/share/code/resources/app/extensions/typescript-language-features/dist/extension.js:1:176857)
	at constructor._reader.onData.e (/usr/share/code/resources/app/extensions/typescript-language-features/dist/extension.js:1:176213)
	at e.fire (/usr/share/code/resources/app/out/vs/workbench/services/extensions/node/extensionHostProcess.js:44:113)
	at t.Reader.onLengthData (/usr/share/code/resources/app/extensions/typescript-language-features/dist/extension.js:1:182286)
	at Socket.t.Reader.constructor.e.on.e (/usr/share/code/resources/app/extensions/typescript-language-features/dist/extension.js:1:181934)
	at Socket.emit (events.js:182:13)
	at addChunk (_stream_readable.js:279:12)
	at readableAddChunk (_stream_readable.js:264:11)
	at Socket.Readable.push (_stream_readable.js:219:10)
	at Pipe.onread (net.js:636:20)
[2019-03-14 17:31:53.229] [exthost] [error] [vscode.typescript-language-features] provider FAILED
[2019-03-14 17:31:53.229] [exthost] [error] Error: TypeScript Server Error (3.3.1)
Error processing request. Cannot read property 'emitNode' of undefined
TypeError: Cannot read property 'emitNode' of undefined
    at Object.getCommentRange (tsserver.js:62188:29)
    at emitNodeList (tsserver.js:84762:51)
    at emitList (tsserver.js:84644:13)
    at Object.writeList (tsserver.js:82316:13)
    at tsserver.js:104760:29
    at Object.mapToDisplayParts (tsserver.js:94770:13)
    at itemInfoForParameters (tsserver.js:104757:41)
    at getSignatureHelpItem (tsserver.js:104723:95)
    at tsserver.js:104696:79
    at Array.map (<anonymous>)
    at createSignatureHelpItems (tsserver.js:104696:36)
    at tsserver.js:104368:120
    at Object.runWithCancellationToken (tsserver.js:31173:28)
    at tsserver.js:104368:44
    at Object.firstDefined (tsserver.js:238:26)
    at tsserver.js:104364:27
    at Object.firstDefined (tsserver.js:238:26)
    at createJSSignatureHelpItems (tsserver.js:104363:56)
    at Object.getSignatureHelpItems (tsserver.js:104297:56)
    at Object.getSignatureHelpItems (tsserver.js:118630:37)
    at IOSession.Session.getSignatureHelpItems (tsserver.js:126686:62)
    at Session.handlers.ts.createMapFromTemplate._a.(anonymous function) (tsserver.js:125640:61)
    at tsserver.js:127107:88
    at IOSession.Session.executeWithRequestId (tsserver.js:127098:28)
    at IOSession.Session.executeCommand (tsserver.js:127107:33)
    at IOSession.Session.onMessage (tsserver.js:127129:35)
    at Interface.<anonymous> (tsserver.js:128390:27)
    at Interface.emit (events.js:182:13)
    at Interface._onLine (readline.js:290:10)
    at Interface._normalWrite (readline.js:433:12)
    at Socket.ondata (readline.js:149:10)
    at Socket.emit (events.js:182:13)
    at addChunk (_stream_readable.js:279:12)
    at readableAddChunk (_stream_readable.js:264:11)
    at Socket.Readable.push (_stream_readable.js:219:10)
    at Pipe.onread (net.js:636:20)
	at v.dispatchResponse (/usr/share/code/resources/app/extensions/typescript-language-features/dist/extension.js:1:178103)
	at v.dispatchMessage (/usr/share/code/resources/app/extensions/typescript-language-features/dist/extension.js:1:176857)
	at constructor._reader.onData.e (/usr/share/code/resources/app/extensions/typescript-language-features/dist/extension.js:1:176213)
	at e.fire (/usr/share/code/resources/app/out/vs/workbench/services/extensions/node/extensionHostProcess.js:44:113)
	at t.Reader.onLengthData (/usr/share/code/resources/app/extensions/typescript-language-features/dist/extension.js:1:182286)
	at Socket.t.Reader.constructor.e.on.e (/usr/share/code/resources/app/extensions/typescript-language-features/dist/extension.js:1:181934)
	at Socket.emit (events.js:182:13)
	at addChunk (_stream_readable.js:279:12)
	at readableAddChunk (_stream_readable.js:264:11)
	at Socket.Readable.push (_stream_readable.js:219:10)
	at Pipe.onread (net.js:636:20)
[2019-03-14 17:31:53.464] [exthost] [error] [vscode.typescript-language-features] provider FAILED
[2019-03-14 17:31:53.465] [exthost] [error] Error: TypeScript Server Error (3.3.1)
Error processing request. Cannot read property 'emitNode' of undefined
TypeError: Cannot read property 'emitNode' of undefined
    at Object.getCommentRange (tsserver.js:62188:29)
    at emitNodeList (tsserver.js:84762:51)
    at emitList (tsserver.js:84644:13)
    at Object.writeList (tsserver.js:82316:13)
    at tsserver.js:104760:29
    at Object.mapToDisplayParts (tsserver.js:94770:13)
    at itemInfoForParameters (tsserver.js:104757:41)
    at getSignatureHelpItem (tsserver.js:104723:95)
    at tsserver.js:104696:79
    at Array.map (<anonymous>)
    at createSignatureHelpItems (tsserver.js:104696:36)
    at tsserver.js:104368:120
    at Object.runWithCancellationToken (tsserver.js:31173:28)
    at tsserver.js:104368:44
    at Object.firstDefined (tsserver.js:238:26)
    at tsserver.js:104364:27
    at Object.firstDefined (tsserver.js:238:26)
    at createJSSignatureHelpItems (tsserver.js:104363:56)
    at Object.getSignatureHelpItems (tsserver.js:104297:56)
    at Object.getSignatureHelpItems (tsserver.js:118630:37)
    at IOSession.Session.getSignatureHelpItems (tsserver.js:126686:62)
    at Session.handlers.ts.createMapFromTemplate._a.(anonymous function) (tsserver.js:125640:61)
    at tsserver.js:127107:88
    at IOSession.Session.executeWithRequestId (tsserver.js:127098:28)
    at IOSession.Session.executeCommand (tsserver.js:127107:33)
    at IOSession.Session.onMessage (tsserver.js:127129:35)
    at Interface.<anonymous> (tsserver.js:128390:27)
    at Interface.emit (events.js:182:13)
    at Interface._onLine (readline.js:290:10)
    at Interface._normalWrite (readline.js:433:12)
    at Socket.ondata (readline.js:149:10)
    at Socket.emit (events.js:182:13)
    at addChunk (_stream_readable.js:279:12)
    at readableAddChunk (_stream_readable.js:264:11)
    at Socket.Readable.push (_stream_readable.js:219:10)
    at Pipe.onread (net.js:636:20)
	at v.dispatchResponse (/usr/share/code/resources/app/extensions/typescript-language-features/dist/extension.js:1:178103)
	at v.dispatchMessage (/usr/share/code/resources/app/extensions/typescript-language-features/dist/extension.js:1:176857)
	at constructor._reader.onData.e (/usr/share/code/resources/app/extensions/typescript-language-features/dist/extension.js:1:176213)
	at e.fire (/usr/share/code/resources/app/out/vs/workbench/services/extensions/node/extensionHostProcess.js:44:113)
	at t.Reader.onLengthData (/usr/share/code/resources/app/extensions/typescript-language-features/dist/extension.js:1:182286)
	at Socket.t.Reader.constructor.e.on.e (/usr/share/code/resources/app/extensions/typescript-language-features/dist/extension.js:1:181934)
	at Socket.emit (events.js:182:13)
	at addChunk (_stream_readable.js:279:12)
	at readableAddChunk (_stream_readable.js:264:11)
	at Socket.Readable.push (_stream_readable.js:219:10)
	at Pipe.onread (net.js:636:20)
